 
****************************************
Report : area
Design : SET
Version: T-2022.03
Date   : Sun Sep 10 22:10:23 2023
****************************************

Library(s) Used:

    slow (File: /usr/cad/lib/CBDK_IC_Contest_v2.1/SynopsysDC/db/slow.db)

Number of ports:                           71
Number of nets:                           645
Number of cells:                          566
Number of combinational cells:            494
Number of sequential cells:                64
Number of macros/black boxes:               0
Number of buf/inv:                         75
Number of references:                      88

Combinational area:               3897.230388
Buf/Inv area:                      410.770799
Noncombinational area:            1858.652973
Macro/Black Box area:                0.000000
Net Interconnect area:           69393.679993

Total cell area:                  5755.883361
Total area:                      75149.563354
1
