 
****************************************
Report : timing
        -path full
        -delay max
        -max_paths 1
Design : huffman
Version: T-2022.03
Date   : Tue Feb  7 14:51:57 2023
****************************************

Operating Conditions: slow   Library: slow
Wire Load Model Mode: top

  Startpoint: pivot_reg[1]
              (rising edge-triggered flip-flop clocked by clk)
  Endpoint: MaskTable_reg[3][4]
            (rising edge-triggered flip-flop clocked by clk)
  Path Group: clk
  Path Type: max

  Des/Clust/Port     Wire Load Model       Library
  ------------------------------------------------
  huffman            tsmc13_wl10           slow

  Point                                                   Incr       Path
  --------------------------------------------------------------------------
  clock clk (rise edge)                                   0.00       0.00
  clock network delay (ideal)                             0.50       0.50
  pivot_reg[1]/CK (DFFRX4)                                0.00       0.50 r
  pivot_reg[1]/Q (DFFRX4)                                 0.49       0.99 r
  U9648/Y (NAND2X4)                                       0.15       1.14 f
  U9639/Y (NOR2X1)                                        0.36       1.50 r
  U14216/Y (CLKINVX1)                                     0.34       1.84 f
  U9631/Y (OAI2BB1X2)                                     0.26       2.10 r
  U9635/Y (BUFX4)                                         0.36       2.46 r
  U16869/Y (NOR2X1)                                       0.24       2.70 f
  U9839/Y (NOR2BX1)                                       0.27       2.97 f
  U9131/Y (CLKBUFX3)                                      0.43       3.40 f
  U9823/Y (AOI222X4)                                      0.64       4.04 r
  U15451/Y (NAND2X2)                                      0.30       4.35 f
  U17128/Y (NAND2XL)                                      0.38       4.72 r
  U9158/Y (BUFX4)                                         0.34       5.06 r
  U10063/Y (OAI22X1)                                      0.21       5.27 f
  U9938/Y (AOI221XL)                                      0.51       5.78 r
  U17129/Y (OAI211X4)                                     0.46       6.24 f
  add_196_3/A[0] (huffman_DW01_inc_38_DW01_inc_41)        0.00       6.24 f
  add_196_3/U1_1_1/CO (ADDHX2)                            0.22       6.46 f
  add_196_3/U1_1_2/CO (ADDHXL)                            0.28       6.74 f
  add_196_3/U1_1_3/CO (ADDHX2)                            0.24       6.98 f
  add_196_3/U1_1_4/S (ADDHX1)                             0.14       7.12 r
  add_196_3/SUM[4] (huffman_DW01_inc_38_DW01_inc_41)      0.00       7.12 r
  U8968/Y (INVX1)                                         0.44       7.56 f
  U11957/Y (OAI22XL)                                      0.64       8.19 r
  U14360/Y (NOR4X1)                                       0.27       8.47 f
  U14358/Y (OAI22XL)                                      0.51       8.98 r
  U14357/Y (AOI221XL)                                     0.26       9.24 f
  U10285/Y (AND4X1)                                       0.40       9.64 f
  U10284/Y (OAI22XL)                                      0.46      10.10 r
  MaskTable_reg[3][4]/D (DFFRX1)                          0.00      10.10 r
  data arrival time                                                 10.10

  clock clk (rise edge)                                  10.00      10.00
  clock network delay (ideal)                             0.50      10.50
  clock uncertainty                                      -0.10      10.40
  MaskTable_reg[3][4]/CK (DFFRX1)                         0.00      10.40 r
  library setup time                                     -0.30      10.10
  data required time                                                10.10
  --------------------------------------------------------------------------
  data required time                                                10.10
  data arrival time                                                -10.10
  --------------------------------------------------------------------------
  slack (MET)                                                        0.00


1
