csi-ncelab - CSI: Command line:
ncelab
    -f /home/YuChengWang/Verilog_pratice/HW8/build/INCA_libs/irun.lnx86.15.20.nc/ncelab.args
        +prog_path=/home/YuChengWang/Verilog_pratice/HW8/./sim/prog0
        +incdir+/home/YuChengWang/Verilog_pratice/HW8/./src+/home/YuChengWang/Verilog_pratice/HW8/./src/AXI+/home/YuChengWang/Verilog_pratice/HW8/./include+/home/YuChengWang/Verilog_pratice/HW8/./sim
        +define+prog0
        +access+r
        -ACCESS +r
        -MESSAGES
        -XLMODE ./INCA_libs/irun.lnx86.15.20.nc
        -RUNMODE
        -CDSLIB ./INCA_libs/irun.lnx86.15.20.nc/cds.lib
        -HDLVAR ./INCA_libs/irun.lnx86.15.20.nc/hdl.var
        -WORK worklib
        -HASXLMODE
    -CHECK_VERSION TOOL:	irun	15.20-s084
    -LOG_FD 4

csi-ncelab - CSI: *F,INTERR: INTERNAL EXCEPTION
-----------------------------------------------------------------
The tool has encountered an unexpected condition and must exit.
Contact Cadence Design Systems customer support about this
problem and provide enough information to help us reproduce it,
including the logfile that contains this error message.
  TOOL:	ncelab	15.20-s084
  HOSTNAME: caidcpuserver1
  OPERATING SYSTEM: Linux 5.15.0-46-generic #49~20.04.1-Ubuntu SMP Thu Aug 4 19:15:44 UTC 2022 x86_64
  MESSAGE: sv_seghandler - trapno -1 addr((nil))
-----------------------------------------------------------------

csi-ncelab - CSI: Cadence Support Investigation, recording details
csi-ncelab - CSI: investigation complete took 0.000 secs, send this file to Cadence Support
