csi-ncvlog - CSI: Command line:
ncvlog
    -f /home/YuChengWang/Verilog_pratice/HW8/build/INCA_libs/irun.lnx86.15.20.nc/ncvlog.args
        -XLMODE ./INCA_libs/irun.lnx86.15.20.nc
        -RUNMODE
        /home/YuChengWang/Verilog_pratice/HW8/./sim/top_tb.sv
        -INCDIR /home/YuChengWang/Verilog_pratice/HW8/./src
        -INCDIR /home/YuChengWang/Verilog_pratice/HW8/./src/AXI
        -INCDIR /home/YuChengWang/Verilog_pratice/HW8/./include
        -INCDIR /home/YuChengWang/Verilog_pratice/HW8/./sim
        -DEFINE prog0
        -DEFINE CYCLE=10.0
        -DEFINE MAX=100000
        -CDSLIB ./INCA_libs/irun.lnx86.15.20.nc/cdsrun.lib
        -HDLVAR ./INCA_libs/irun.lnx86.15.20.nc/hdlrun.var
        -MESSAGES
        -UPDATE
        -XLLIBSTORE ./INCA_libs/irun.lnx86.15.20.nc/xllibs
        -ALLOWUNBOUND
    -CHECK_VERSION TOOL:	irun	15.20-s084
    -LOG_FD 4

csi-ncvlog - CSI: *F,INTERR: INTERNAL EXCEPTION
-----------------------------------------------------------------
The tool has encountered an unexpected condition and must exit.
Contact Cadence Design Systems customer support about this
problem and provide enough information to help us reproduce it,
including the logfile that contains this error message.
  TOOL:	ncvlog	15.20-s084
  HOSTNAME: caidcpuserver1
  OPERATING SYSTEM: Linux 5.15.0-46-generic #49~20.04.1-Ubuntu SMP Thu Aug 4 19:15:44 UTC 2022 x86_64
  MESSAGE: le_modify_token_make_push_set - le not simple
-----------------------------------------------------------------

csi-ncvlog - CSI: Cadence Support Investigation, recording details
csi-ncvlog - CSI: investigation complete took 0.000 secs, send this file to Cadence Support
