 
****************************************
Report : area
Design : LBP
Version: T-2022.03
Date   : Wed Jul 13 16:41:06 2022
****************************************

Library(s) Used:

    slow (File: /home/nfs_cad/lib/CBDK_IC_Contest_v2.1/SynopsysDC/db/slow.db)

Number of ports:                           50
Number of nets:                           786
Number of cells:                          710
Number of combinational cells:            564
Number of sequential cells:               146
Number of macros/black boxes:               0
Number of buf/inv:                        112
Number of references:                      80

Combinational area:               4895.301564
Buf/Inv area:                      904.714195
Noncombinational area:            4224.828552
Macro/Black Box area:                0.000000
Net Interconnect area:           86567.110077

Total cell area:                  9120.130116
Total area:                      95687.240193
1
