ncverilog(64): 15.20-s084: (c) Copyright 1995-2020 Cadence Design Systems, Inc.
TOOL:	ncverilog	15.20-s084: Started on Jul 07, 2022 at 16:20:25 CST
ncverilog
	/home/caid023/Verilog_pratice/HW2/sim/test.v
	/home/caid023/Verilog_pratice/HW2/src/avg.v
	/home/caid023/Verilog_pratice/HW2/src/def.v
	+incdir+/home/caid023/Verilog_pratice/HW2/src
	+nc64bit
	+access+r
	+define+FSDB_FILE="avg.fsdb"
file: /home/caid023/Verilog_pratice/HW2/sim/test.v
	module worklib.test:v
		errors: 0, warnings: 0
file: /home/caid023/Verilog_pratice/HW2/src/avg.v
	module worklib.avg:v
		errors: 0, warnings: 0
file: /home/caid023/Verilog_pratice/HW2/src/def.v
ncvlog: *W,SPDUSD: Include directory /home/caid023/Verilog_pratice/HW2/src given but not used.
	Total errors/warnings found outside modules and primitives:
		errors: 0, warnings: 1
		Caching library 'worklib' ....... Done
	Elaborating the design hierarchy:
	Building instance overlay tables: .................... Done
	Generating native compiled code:
		worklib.avg:v <0x20b177a4>
			streams:   3, words:  5963
		worklib.test:v <0x2aa37e6c>
			streams:   9, words: 10220
	Building instance specific data structures.
	Loading native compiled code:     .................... Done
	Design hierarchy summary:
		                  Instances  Unique
		Modules:                  2       2
		Registers:               17      17
		Scalar wires:             3       -
		Vectored wires:           2       -
		Always blocks:            4       4
		Initial blocks:           5       5
		Pseudo assignments:       1       1
		Simulation timescale:  10ps
	Writing initial simulation snapshot: worklib.test:v
Loading snapshot worklib.test:v .................... Done
*Verdi* Loading libsscore_ius152.so
ncsim> source /usr/cad/cadence/INCISIV/cur/tools/inca/files/ncsimrc
ncsim> run
FSDB Dumper for IUS, Release Verdi_O-2018.09, Linux x86_64/64bit, 08/30/2018
(C) 1996 - 2018 by Synopsys, Inc.
*Verdi* FSDB WARNING: The FSDB file already exists. Overwriting the FSDB file may crash the programs that are using this file.
*Verdi* : Create FSDB file 'avg.fsdb'
*Verdi* : Begin traversing the scope (test), layer (0).
*Verdi* : Enable +struct and +mda dumping.
*Verdi* : End of traversing.
          0 :     32
          1 :     48
          2 :     48
          3 :     48
          4 :     48
          5 :     48
          6 :     48
          7 :  65535
          8 :  65535
          9 :  65535
         10 :  65535
         11 :  65535
         12 :  65535
         13 :  65535
         14 :  65535
         15 :  65535
         16 :  65535
         17 :  65535
         18 :      0
         19 :      0
         20 :      0
         21 :      0
         22 :      0
         23 :      0
         24 :      0
         25 :      0
         26 :      0
         27 :      0
         28 :  11517
         29 :  11517
         30 :  11517
         31 :  20227
         32 :  20227
         33 :  20227
         34 :  20227
         35 :  20227
         36 :  25535
         37 :  25535
         38 :  25535
         39 :  25535
         40 :  25535
         41 :  25535
         42 :  32425
         43 :  32425
         44 :  35087
         45 :  35087
         46 :  35087
         47 :  40991
         48 :  40991
         49 :  40991
         50 :  42367
         51 :  40991
         52 :  40991
         53 :  39764
         54 :  39764
         55 :  39764
         56 :  39764
         57 :  39764
         58 :  44205
         59 :  44205
         60 :  44205
         61 :  44205
         62 :  44205
         63 :  39764
         64 :  44205
         65 :  44205
         66 :  38134
         67 :  38134
         68 :  38134
         69 :  30377
         70 :  30377
         71 :  30377
         72 :  30377
         73 :  30377
         74 :  30377
         75 :  48330
         76 :  30377
         77 :  30377
         78 :  48330
         79 :  26807
         80 :  38636
         81 :  38636
         82 :  38636
         83 :  38636
         84 :  38636
         85 :  28958
         86 :  28958
         87 :  28958
         88 :  28958
         89 :  28958
         90 :  28958
         91 :  28958
         92 :  28958
         93 :  28958
         94 :  26613
         95 :  28958
         96 :  31258
         97 :  31258
         98 :  27981
         99 :  25033
        100 :  25033
        101 :  25033
        102 :  27981
        103 :  25033
        104 :  26613
        105 :  27981
        106 :  27981
        107 :  25033
        108 :  23476
        109 :  22467
        110 :  22467
        111 :  26269
        112 :  26269
        113 :  26269
        114 :  26123
        115 :  26269
        116 :  26123
        117 :  26123
        118 :  26123
        119 :  26123
        120 :  42673
        121 :  42673
        122 :  42673
        123 :  42673
        124 :  44321
        125 :  44177
        126 :  44177
        127 :  44177
        128 :  44177
        129 :  44177
        130 :  44177
        131 :  28279
        132 :  28279
        133 :  28279
        134 :  19306
        135 :  36902
        136 :  19306
        137 :  36902
        138 :  36902
        139 :  36902
        140 :  28220
        141 :  28220
        142 :  36902
        143 :  36902
        144 :  36902
        145 :  36902
        146 :  36902
        147 :  46897
        148 :  29994
        149 :  29994
        150 :  29994
        151 :  42783
        152 :  39599
        153 :  39599
        154 :  39599
        155 :  29994
        156 :  29810
        157 :  29994
        158 :  29810
        159 :  29810
        160 :  31221
        161 :  31221
        162 :  31221
        163 :  31278
        164 :  31278
        165 :  40240
        166 :  40240
        167 :  31450
        168 :  34531
        169 :  34531
        170 :  38942
        171 :  38942
        172 :  34531
        173 :  34531
        174 :  34531
        175 :  34531
        176 :  31450
        177 :  29238
        178 :  31450
        179 :  34531
        180 :  36130
        181 :  36130
        182 :  36130
        183 :  37947
        184 :  37947
        185 :  36130
        186 :  36130
        187 :  36130
        188 :  36130
        189 :  36130
        190 :  36130
        191 :  27423
        192 :  29132
        193 :  29132
        194 :  29132
        195 :  27423
        196 :  29132
        197 :  29132
        198 :  27423
        199 :  27253
        200 :  29132
        201 :  27253
        202 :  24776
        203 :  27253
        204 :  27253
        205 :  27253
        206 :  27253
        207 :  27253
        208 :  24776
        209 :  24776
        210 :  31171
        211 :  31171
        212 :  24776
        213 :  31171
        214 :  31171
        215 :  31171
        216 :  36244
        217 :  36353
        218 :  37057
        219 :  36353
        220 :  35426
        221 :  38978
        222 :  38978
        223 :  38978
        224 :  35426
        225 :  38978
        226 :  35426
        227 :  35426
        228 :  27741
        229 :  27741
        230 :  27741
        231 :  27741
        232 :  27741
        233 :  27741
        234 :  24914
        235 :  24914
        236 :  27741
        237 :  24914
        238 :  27741
        239 :  24914
        240 :  24914
        241 :  24914
        242 :  31451
        243 :  31451
        244 :  31451
        245 :  32949
        246 :  34049
        247 :  32949
        248 :  34049
        249 :  34444
        250 :  36185
        251 :  39788
        252 :  43953
        253 :  38730
        254 :  38730
        255 :  38730
        256 :  42213
        257 :  38730
        258 :  36185
        259 :  36185
        260 :  36185
        261 :  42213
        262 :  35148
        263 :  35148
        264 :  19749
        265 :  19749
        266 :  23470
        267 :  23470
        268 :  23470
        269 :  23470
        270 :  23470
        271 :  23470
        272 :  23470
        273 :  23470
        274 :  23470
        275 :  23470
        276 :  23470
        277 :  24781
        278 :  24781
        279 :  24781
        280 :  24781
        281 :  25940
        282 :  25940
        283 :  25940
        284 :  25940
        285 :  39143
        286 :  39143
        287 :  39143
        288 :  41062
        289 :  39143
        290 :  39143
        291 :  39143
        292 :  39143
        293 :  27417
        294 :  27417
        295 :  27417
        296 :  27417
        297 :  23726
        298 :  23726
        299 :  23726
        300 :  23726
        301 :  23726
        302 :  23726
        303 :  23726
        304 :  15011
        305 :  26384
        306 :  21751
        307 :  26384
        308 :  26384
        309 :  26384
        310 :  26384
        311 :  26384
        312 :  26384
        313 :  24777
        314 :  21751
        315 :  24777
        316 :  24777
        317 :  24777
        318 :  39659
        319 :  41019
        320 :  24777
        321 :  23023
        322 :  23023
        323 :  23023
        324 :  23023
        325 :  23023
        326 :  23023
        327 :  23023
        328 :  23023
        329 :  23023
        330 :  23023
        331 :  23023
        332 :  23023
        333 :  12939
        334 :  42665
        335 :  42665
        336 :  42665
        337 :  42665
        338 :  42665
        339 :  42665
        340 :  11258
        341 :  11258
        342 :  11258
        343 :  11258
        344 :  10486
        345 :  10486
        346 :  28044
        347 :  20298
        348 :  20298
        349 :  20298
        350 :  28044
        351 :  28044
        352 :  28044
        353 :  28044
        354 :  28044
        355 :  32738
        356 :  33393
        357 :  33393
        358 :  33393
        359 :  33393
        360 :  39681
        361 :  39681
        362 :  39681
        363 :  39681
        364 :  39681
        365 :  39681
        366 :  39635
        367 :  39635
        368 :  39635
        369 :  38649
        370 :  39635
        371 :  39681
        372 :  39635
        373 :  37934
        374 :  34086
        375 :  34086
        376 :  31269
        377 :  25367
        378 :  31269
        379 :  31269
        380 :  25367
        381 :  31269
        382 :  31269
        383 :  33285
        384 :  33285
        385 :  33285
        386 :  33285
        387 :  33285
        388 :  33285
        389 :  33285
        390 :  32952
        391 :  32952
        392 :  32952
        393 :  32952
        394 :  27976
        395 :  27976
        396 :  22022
        397 :  22022
        398 :  32952
        399 :  32952
        400 :  32952
        401 :  22022
        402 :  41549
        403 :  41549
        404 :  41549
        405 :  41549
        406 :  41549
        407 :  41549
        408 :  41549
        409 :  41549
        410 :  31785
        411 :  31785
        412 :  31785
        413 :  34570
        414 :  32404
        415 :  31785
        416 :  31785
        417 :  22668
        418 :  23803
        419 :  23803
        420 :  28578
        421 :  23803
        422 :  28578
        423 :  28578
        424 :  28578
        425 :  28578
        426 :  28578
        427 :  33405
        428 :  33405
        429 :  38105
        430 :  42174
        431 :  42174
        432 :  42174
        433 :  38105
        434 :  38105
        435 :  38105
        436 :  38105
        437 :  34150
        438 :  30219
        439 :  30219
        440 :  30219
        441 :  28315
        442 :  23511
        443 :  23511
        444 :  22401
        445 :  22401
        446 :  22401
        447 :  22401
        448 :  22401
        449 :  22401
        450 :  22401
        451 :  27730
        452 :  27730
        453 :  27730
        454 :  27730
        455 :  27730
        456 :  27730
        457 :  22675
        458 :  27730
        459 :  22675
        460 :  27730
        461 :  27730
        462 :  33699
        463 :  23035
        464 :  23035
        465 :  23035
        466 :  24683
        467 :  24683
        468 :  29771
        469 :  29771
        470 :  29771
        471 :  29771
        472 :  30454
        473 :  29771
        474 :  24683
        475 :  24683
        476 :  29771
        477 :  30454
        478 :  30454
        479 :  39336
        480 :  39336
        481 :  39336
        482 :  28493
        483 :  28493
        484 :  28493
        485 :  28493
        486 :  37277
        487 :  33477
        488 :  33477
        489 :  33477
        490 :  28493
        491 :  33477
        492 :  33477
        493 :  35993
        494 :  35993
        495 :  35993
        496 :  43279
        497 :  43279
        498 :  43279
        499 :  41102
        500 :  40624
        501 :  35993
        502 :  40624
        503 :  35993
        504 :  32504
        505 :  32504
        506 :  32504
        507 :  28852
        508 :  25267
        509 :  28852
        510 :  28852
        511 :  28852
        512 :  28852
        513 :  32504
        514 :  32504
        515 :  37805
        516 :  37805
        517 :  37805
        518 :  43155
        519 :  43155
        520 :  47159
        521 :  43155
        522 :  43155
        523 :  42024
        524 :  42024
        525 :  42024
        526 :  42586
        527 :  42586
        528 :  42586
        529 :  38968
        530 :  38489
        531 :  30800
        532 :  30800
        533 :  30800
        534 :  38968
        535 :  38968
        536 :  38968
        537 :  38968
        538 :  38968
        539 :  30800
        540 :  30800
        541 :  30671
        542 :  30671
        543 :  36186
        544 :  36186
        545 :  36186
        546 :  36186
        547 :  36186
        548 :  24980
        549 :  24980
        550 :  24980
        551 :  24980
        552 :  34194
        553 :  34194
        554 :  34194
        555 :  34194
        556 :  34194
        557 :  34194
        558 :  33692
        559 :  34194
        560 :  34194
        561 :  34194
        562 :  42705
        563 :  42705
        564 :  42705
        565 :  42705
        566 :  42705
        567 :  34693
        568 :  42705
        569 :  42705
        570 :  42705
        571 :  42705
        572 :  38530
        573 :  38530
        574 :  32997
        575 :  25585
        576 :  25585
        577 :  33918
        578 :  33918
        579 :  33918
        580 :  33918
        581 :  33918
        582 :  33918
        583 :  38530
        584 :  33918
        585 :  36676
        586 :  36676
        587 :  39122
        588 :  44208
        589 :  44208
        590 :  41198
        591 :  41198
        592 :  36676
        593 :  36676
        594 :  36676
        595 :  32633
        596 :  32633
        597 :  30694
        598 :  30694
        599 :  29295
        600 :  29335
        601 :  30694
        602 :  32633
        603 :  29295
        604 :  32970
        605 :  32633
        606 :  32633
        607 :  32970
        608 :  32970
        609 :  32970
        610 :  32970
        611 :  49341
        612 :  32970
        613 :  32970
        614 :  49341
        615 :  45033
        616 :  45033
        617 :  45033
        618 :  45033
        619 :  42904
        620 :  42904
        621 :  42904
        622 :  40930
        623 :  27796
        624 :  40930
        625 :  27796
        626 :  27796
        627 :  27796
        628 :  25853
        629 :  25853
        630 :  27691
        631 :  27691
        632 :  36576
        633 :  37170
        634 :  37170
        635 :  37170
        636 :  37170
        637 :  49684
        638 :  49684
        639 :  49684
        640 :  49684
        641 :  49684
        642 :  49684
        643 :  36364
        644 :  36364
        645 :  36364
        646 :  36364
        647 :  30754
        648 :  30754
        649 :  30754
        650 :  24709
        651 :  24709
        652 :  29770
        653 :  30754
        654 :  36364
        655 :  34802
        656 :  34802
        657 :  34802
        658 :  29770
        659 :  34802
        660 :  34802
        661 :  34802
        662 :  34802
        663 :  34802
        664 :  29423
        665 :  34802
        666 :  34802
        667 :  39929
        668 :  29423
        669 :  39929
        670 :  39929
        671 :  39929
        672 :  39929
        673 :  39929
        674 :  31082
        675 :  32540
        676 :  36484
        677 :  32540
        678 :  32540
        679 :  32540
        680 :  31082
        681 :  32540
        682 :  36573
        683 :  36573
        684 :  32540
        685 :  36573
        686 :  40395
        687 :  44091
        688 :  40395
        689 :  40395
        690 :  36573
        691 :  36573
        692 :  35245
        693 :  35245
        694 :  29781
        695 :  29781
        696 :  29781
        697 :  29781
        698 :  29781
        699 :  21887
        700 :  21887
        701 :  29781
        702 :  29781
        703 :  29781
        704 :  29781
        705 :  25022
        706 :  25022
        707 :  25022
        708 :  25022
        709 :  48622
        710 :  34296
        711 :  48622
        712 :  34296
        713 :  34296
        714 :  34296
        715 :  34296
        716 :  32663
        717 :  32663
        718 :  24669
        719 :  24669
        720 :  24669
        721 :  24669
        722 :  24669
        723 :  24669
        724 :  24669
        725 :  32663
        726 :  32663
        727 :  33969
        728 :  33969
        729 :  33969
        730 :  39282
        731 :  39282
        732 :  39282
        733 :  39282
        734 :  39282
        735 :  39282
        736 :  39282
        737 :  39282
        738 :  39282
        739 :  39282
        740 :  39916
        741 :  39916
        742 :  39916
        743 :  39916
        744 :  39916
        745 :  40136
        746 :  40136
        747 :  40136
        748 :  40136
        749 :  27529
        750 :  27529
        751 :  27529
        752 :  31143
        753 :  31143
        754 :  30482
        755 :  31143
        756 :  27529
        757 :  21366
        758 :  30482
        759 :  24037
        760 :  30482
        761 :  30482
        762 :  31143
        763 :  30482
        764 :  30482
        765 :  29339
        766 :  35242
        767 :  29339
        768 :  35242
        769 :  35242
        770 :  35242
        771 :  35242
        772 :  35242
        773 :  36679
        774 :  36679
        775 :  36679
        776 :  36679
        777 :  36679
        778 :  44218
        779 :  44218
        780 :  36679
        781 :  39043
        782 :  39043
        783 :  39043
        784 :  39043
        785 :  39043
        786 :  36640
        787 :  39043
        788 :  39043
        789 :  39043
        790 :  39043
        791 :  41746
        792 :  39043
        793 :  41121
        794 :  41121
        795 :  41121
        796 :  41121
        797 :  41121
        798 :  41121
        799 :  26718
        800 :  41121
        801 :  41121
        802 :  41121
        803 :  39134
        804 :  39134
        805 :  26737
        806 :  39134
        807 :  39134
        808 :  39134
        809 :  39134
        810 :  39134
        811 :  39134
        812 :  39134
        813 :  39134
        814 :  39134
        815 :  41223
        816 :  41223
        817 :  41223
        818 :  41223
        819 :  41223
        820 :  46858
        821 :  46858
        822 :  47858
        823 :  47858
        824 :  47858
        825 :  47858
        826 :  47858
        827 :  47858
        828 :  47858
        829 :  47858
        830 :  35064
        831 :  35064
        832 :  24779
        833 :  24779
        834 :  24779
        835 :  24779
        836 :  28366
        837 :  28366
        838 :  28366
        839 :  28366
        840 :  34824
        841 :  34824
        842 :  28366
        843 :  28366
        844 :  34824
        845 :  34824
        846 :  28366
        847 :  28366
        848 :  27542
        849 :  27542
        850 :  27542
        851 :  27542
        852 :  27542
        853 :  27542
        854 :  27542
        855 :  27542
        856 :  27542
        857 :  27542
        858 :  23105
        859 :  37254
        860 :  37254
        861 :  37254
        862 :  35656
        863 :  35656
        864 :  35656
        865 :  35656
        866 :  35656
        867 :  37254
        868 :  37254
        869 :  37254
        870 :  46100
        871 :  35656
        872 :  35656
        873 :  35656
        874 :  37474
        875 :  35492
        876 :  31177
        877 :  27905
        878 :  31177
        879 :  31177
        880 :  33883
        881 :  27905
        882 :  24821
        883 :  27905
        884 :  27905
        885 :  27905
        886 :  27905
        887 :  33883
        888 :  33883
        889 :  36971
        890 :  33883
        891 :  45000
        892 :  45000
        893 :  45000
        894 :  47360
        895 :  45000
        896 :  47360
        897 :  47360
        898 :  47360
        899 :  45000
        900 :  45000
        901 :  45000
        902 :  52457
        903 :  37898
        904 :  37898
        905 :  37898
        906 :  37898
        907 :  35435
        908 :  32980
        909 :  32980
        910 :  32980
        911 :  32980
        912 :  38329
        913 :  27612
        914 :  27612
        915 :  27612
        916 :  30888
        917 :  27612
        918 :  30888
        919 :  30888
        920 :  38835
        921 :  38835
        922 :  38835
        923 :  38835
        924 :  38835
        925 :  38835
        926 :  38835
        927 :  38835
        928 :  38835
        929 :  43988
        930 :  27186
        931 :  27186
        932 :  27186
        933 :  27186
        934 :  27186
        935 :  26848
        936 :  26848
        937 :  26848
        938 :  26848
        939 :  26848
        940 :  26848
        941 :  26848
        942 :  26621
        943 :  26621
        944 :  26621
        945 :  26621
        946 :  26621
        947 :  26621
        948 :  26621
        949 :  31604
        950 :  24077
        951 :  31604
        952 :  28732
        953 :  31604
        954 :  34994
        955 :  36534
        956 :  39298
        957 :  39298
        958 :  44085
        959 :  43620
        960 :  43620
        961 :  43620
        962 :  43620
        963 :  43620
        964 :  38177
        965 :  38177
        966 :  38177
        967 :  38177
        968 :  38177
        969 :  26426
        970 :  26316
        971 :  26316
        972 :  26316
        973 :  24413
        974 :  24413
        975 :  26426
        976 :  30746
        977 :  30746
        978 :  24413
        979 :  30746
        980 :  30746
        981 :  30746
        982 :  37428
        983 :  37428
        984 :  37428
        985 :  37428
        986 :  38211
        987 :  40506
        988 :  37428
        989 :  38211
        990 :  38211
        991 :  38211
        992 :  38211
        993 :  38211
        994 :  38211
        995 :  40506
        996 :  31446
        997 :  41815
        998 :  31446
        999 :  31446
       1000 :  31446
       1001 :  31446
       1002 :  41815
       1003 :  39998
       1004 :  41815
       1005 :  39998
       1006 :  39998
       1007 :  39998
       1008 :  40059
       1009 :  39998
       1010 :  39998
       1011 :  32686
       1012 :  32686
       1013 :  32686
       1014 :  32686
       1015 :  29128
       1016 :  29128
       1017 :  32686
       1018 :  29128
       1019 :  29128
       1020 :  29128
       1021 :  29128
       1022 :  29128
       1023 :  29128
       1024 :  31387
       1025 :  31387
       1026 :  30451
       1027 :  30451
       1028 :  30451
       1029 :  30451
       1030 :  30451
       1031 :  23180
       1032 :  30451
       1033 :  30451
       1034 :  30451
       1035 :  30451
       1036 :  23180
       1037 :  30451
       1038 :  23180
       1039 :  23180
       1040 :  23180
       1041 :  23180
       1042 :  23180
       1043 :  21133
       1044 :  21133
       1045 :  38427
       1046 :  38342
       1047 :  38342
       1048 :  35782
       1049 :  35782
       1050 :  31790
       1051 :  38342
       1052 :  38427
       1053 :  38427
       1054 :  46673
       1055 :  46820
       1056 :  46673
       1057 :  46673
       1058 :  46673
       1059 :  35782
       1060 :  31790
       1061 :  31790
       1062 :  28533
       1063 :  28533
       1064 :  28533
       1065 :  29558
       1066 :  24807
       1067 :  20468
       1068 :  24807
       1069 :  20468
       1070 :  24807
       1071 :  28533
       1072 :  28533
       1073 :  29558
       1074 :  24807
       1075 :  20468
       1076 :  17132
       1077 :  17132
       1078 :  17132
       1079 :  17132
       1080 :  17132
       1081 :  23180
       1082 :  23180
       1083 :  23180
       1084 :  23180
       1085 :  12171
       1086 :  17335
       1087 :  17335
       1088 :  23180
       1089 :  17335
       1090 :  23180
       1091 :  23180
       1092 :  17335
       1093 :  17335
       1094 :  22755
       1095 :  22755
       1096 :  22755
       1097 :  35117
       1098 :  35117
       1099 :  35117
       1100 :  35117
       1101 :  35117
       1102 :  36952
       1103 :  36952
       1104 :  35563
       1105 :  35563
       1106 :  35563
       1107 :  30879
       1108 :  30879
       1109 :  28533
       1110 :  28533
       1111 :  22309
       1112 :  22309
       1113 :  19792
       1114 :  22309
       1115 :  28533
       1116 :  28533
       1117 :  30879
       1118 :  35596
       1119 :  35596
       1120 :  36702
       1121 :  36702
       1122 :  40107
       1123 :  40107
       1124 :  36702
       1125 :  40107
       1126 :  40107
       1127 :  36702
       1128 :  40107
       1129 :  36702
       1130 :  32856
       1131 :  32856
       1132 :  32856
       1133 :  34385
       1134 :  32856
       1135 :  38513
       1136 :  38513
       1137 :  34385
       1138 :  32856
       1139 :  26670
       1140 :  26670
       1141 :  26670
       1142 :  26670
       1143 :  26670
       1144 :  26670
       1145 :  26670
       1146 :  26670
       1147 :  26670
       1148 :  26670
       1149 :  35325
       1150 :  35325
       1151 :  35325
       1152 :  35325
       1153 :  35325
       1154 :  35325
       1155 :  35325
       1156 :  26511
       1157 :  26511
       1158 :  26511
       1159 :  26511
       1160 :  27416
       1161 :  27416
       1162 :  27416
       1163 :  27416
       1164 :  27416
       1165 :  27416
       1166 :  35747
       1167 :  27416
       1168 :  27416
       1169 :  32835
       1170 :  32835
       1171 :  34385
       1172 :  34385
       1173 :  34385
       1174 :  47913
       1175 :  47913
       1176 :  47913
       1177 :  34385
       1178 :  34385
       1179 :  34385
       1180 :  34385
       1181 :  34385
       1182 :  34385
       1183 :  30243
       1184 :  37312
       1185 :  30243
       1186 :  35922
       1187 :  30243
       1188 :  30243
       1189 :  30243
       1190 :  35922
       1191 :  37312
       1192 :  35922
       1193 :  35922
       1194 :  35922
       1195 :  37312
       1196 :  35922
       1197 :  39391
       1198 :  42098
       1199 :  43055
       1200 :  39391
       1201 :  38661
       1202 :  38661
       1203 :  35667
       1204 :  38661
       1205 :  38661
       1206 :  35667
       1207 :  32185
       1208 :  35667
       1209 :  32185
       1210 :  32185
       1211 :  32185
       1212 :  33762
       1213 :  33762
       1214 :  33762
       1215 :  36558
       1216 :  37957
       1217 :  33762
       1218 :  37957
       1219 :  33762
       1220 :  41707
       1221 :  33762
       1222 :  33762
       1223 :  33762
       1224 :  24872
       1225 :  41707
       1226 :  24872
       1227 :  24872
       1228 :  23882
       1229 :  24872
       1230 :  24872
       1231 :  24872
       1232 :  27314
       1233 :  27314
       1234 :  27314
       1235 :  27314
       1236 :  27314
       1237 :  27314
       1238 :  27314
       1239 :  27314
       1240 :  36985
       1241 :  36985
       1242 :  36985
       1243 :  36985
       1244 :  36985
       1245 :  44571
       1246 :  44571
       1247 :  44571
       1248 :  44571
       1249 :  38853
       1250 :  36985
       1251 :  36985
       1252 :  30320
       1253 :  30320
       1254 :  30320
       1255 :  30320
       1256 :  25501
       1257 :  25501
       1258 :  25501
       1259 :  25501
       1260 :  25750
       1261 :  24863
       1262 :  30320
       1263 :  26889
       1264 :  37398
       1265 :  26889
       1266 :  30014
       1267 :  30014
       1268 :  37398
       1269 :  30014
       1270 :  30014
       1271 :  30014
       1272 :  30014
       1273 :  30014
       1274 :  26889
       1275 :  30014
       1276 :  26202
       1277 :  30014
       1278 :  35030
       1279 :  35030
       1280 :  35030
       1281 :  35030
       1282 :  35030
       1283 :  26618
       1284 :  35253
       1285 :  35253
       1286 :  35253
       1287 :  35253
       1288 :  38254
       1289 :  26618
       1290 :  26618
       1291 :  26618
       1292 :  26618
       1293 :  33692
       1294 :  33692
       1295 :  33692
       1296 :  33692
       1297 :  33692
       1298 :  39067
       1299 :  33692
       1300 :  33692
       1301 :  33692
       1302 :  33692
       1303 :  33692
       1304 :  33692
       1305 :  37853
       1306 :  37853
       1307 :  37853
       1308 :  27367
       1309 :  27367
       1310 :  27367
       1311 :  27853
       1312 :  27853
       1313 :  38240
       1314 :  38240
       1315 :  27853
       1316 :  30743
       1317 :  30743
       1318 :  30743
       1319 :  27853
       1320 :  29273
       1321 :  29273
       1322 :  30743
       1323 :  29273
       1324 :  29273
       1325 :  29273
       1326 :  29273
       1327 :  29273
       1328 :  29273
       1329 :  29273
       1330 :  29273
       1331 :  29273
       1332 :  30412
       1333 :  30412
       1334 :  30412
       1335 :  30412
       1336 :  30412
       1337 :  30412
       1338 :  20591
       1339 :  20591
       1340 :  30412
       1341 :  30412
       1342 :  29743
       1343 :  29743
       1344 :  29743
       1345 :  29743
       1346 :  23770
       1347 :  23770
       1348 :  19184
       1349 :  23770
       1350 :  23770
       1351 :  29743
       1352 :  23770
       1353 :  23770
       1354 :  23570
       1355 :  19184
       1356 :  23570
       1357 :  26703
       1358 :  26703
       1359 :  26703
       1360 :  40870
       1361 :  26703
       1362 :  36225
       1363 :  36225
       1364 :  36225
       1365 :  36225
       1366 :  36225
       1367 :  44331
       1368 :  44331
       1369 :  44331
       1370 :  44331
       1371 :  36225
       1372 :  36225
       1373 :  36225
       1374 :  39788
       1375 :  39788
       1376 :  30005
       1377 :  39788
       1378 :  27566
       1379 :  27566
       1380 :  27566
       1381 :  27566
       1382 :  27566
       1383 :  28179
       1384 :  28179
       1385 :  32296
       1386 :  32296
       1387 :  28179
       1388 :  28179
       1389 :  28179
       1390 :  28179
       1391 :  28179
       1392 :  28179
       1393 :  28179
       1394 :  28179
       1395 :  26891
       1396 :  24743
       1397 :  24389
       1398 :  26891
       1399 :  29649
       1400 :  33098
       1401 :  29649
       1402 :  29649
       1403 :  33098
       1404 :  33098
       1405 :  26218
       1406 :  26218
       1407 :  26218
       1408 :  26218
       1409 :  30503
       1410 :  29174
       1411 :  29174
       1412 :  26218
       1413 :  30503
       1414 :  30503
       1415 :  29174
       1416 :  29174
       1417 :  30503
       1418 :  30503
       1419 :  36594
       1420 :  36594
       1421 :  36594
       1422 :  36594
       1423 :  36594
       1424 :  37663
       1425 :  37663
       1426 :  20568
       1427 :  20568
       1428 :  37663
       1429 :  33079
       1430 :  33079
       1431 :  26426
       1432 :  26426
       1433 :  26426
       1434 :  26426
       1435 :  26426
       1436 :  26426
       1437 :  22720
       1438 :  26426
       1439 :  26426
       1440 :  26426
       1441 :  26426
       1442 :  26426
       1443 :  34004
       1444 :  34004
       1445 :  34004
       1446 :  34004
       1447 :  34004
       1448 :  34004
       1449 :  34004
       1450 :  35413
       1451 :  39651
       1452 :  35413
       1453 :  34004
       1454 :  34004
       1455 :  35413
       1456 :  24598
       1457 :  35413
       1458 :  35413
       1459 :  35413
       1460 :  35413
       1461 :  35413
       1462 :  33283
       1463 :  33283
       1464 :  33283
       1465 :  17242
       1466 :  33283
       1467 :  33283
       1468 :  33283
       1469 :  33283
       1470 :  33283
       1471 :  36866
       1472 :  39351
       1473 :  42191
       1474 :  39351
       1475 :  39351
       1476 :  42191
       1477 :  44168
       1478 :  41494
       1479 :  41494
       1480 :  39351
       1481 :  39351
       1482 :  39351
       1483 :  41494
       1484 :  41494
       1485 :  28679
       1486 :  28679
       1487 :  28679
       1488 :  28679
       1489 :  28679
       1490 :  25860
       1491 :  40730
       1492 :  40730
       1493 :  26669
       1494 :  40730
       1495 :  26669
       1496 :  26669
       1497 :  26669
       1498 :  26669
       1499 :  26669
       1500 :  26669
       1501 :  26669
       1502 :  26669
       1503 :  26669
       1504 :  27677
       1505 :  22862
       1506 :  22862
       1507 :  20784
       1508 :  27677
       1509 :  27677
       1510 :  27677
       1511 :  27677
       1512 :  27677
       1513 :  32529
       1514 :  32529
       1515 :  32529
       1516 :  32529
       1517 :  37952
       1518 :  37952
       1519 :  37952
       1520 :  37952
       1521 :  37952
       1522 :  37952
       1523 :  23473
       1524 :  23473
       1525 :  23473
       1526 :  23473
       1527 :  23473
       1528 :  27330
       1529 :  23473
       1530 :  21715
       1531 :  21715
       1532 :  23473
       1533 :  27330
       1534 :  27330
       1535 :  27330
       1536 :  26034
       1537 :  27330
       1538 :  26034
       1539 :  26034
       1540 :  26034
       1541 :  28789
       1542 :  31741
       1543 :  34956
       1544 :  34956
       1545 :  34956
       1546 :  34956
       1547 :  40115
       1548 :  40115
       1549 :  40115
       1550 :  40115
       1551 :  40115
       1552 :  40115
       1553 :  32142
       1554 :  32142
       1555 :  30691
       1556 :  32142
       1557 :  32142
       1558 :  30518
       1559 :  30518
       1560 :  30518
       1561 :  30518
       1562 :  30518
       1563 :  39003
       1564 :  39003
       1565 :  39003
       1566 :  39003
       1567 :  39003
       1568 :  39003
       1569 :  39003
       1570 :  42650
       1571 :  30999
       1572 :  30999
       1573 :  30999
       1574 :  29056
       1575 :  29056
       1576 :  29056
       1577 :  42650
       1578 :  42650
       1579 :  33204
       1580 :  33204
       1581 :  33204
       1582 :  33204
       1583 :  33204
       1584 :  33204
       1585 :  42943
       1586 :  42943
       1587 :  42943
       1588 :  42943
       1589 :  42744
       1590 :  33204
       1591 :  36288
       1592 :  36288
       1593 :  42744
       1594 :  42744
       1595 :  42744
       1596 :  36288
       1597 :  36288
       1598 :  42744
       1599 :  36288
       1600 :  36288
       1601 :  36288
       1602 :  36288
       1603 :  44814
       1604 :  27121
       1605 :  27121
       1606 :  26028
       1607 :  26028
       1608 :  26028
       1609 :  26028
       1610 :  26028
       1611 :  26028
       1612 :  26028
       1613 :  26028
       1614 :  26028
       1615 :  26028
       1616 :  26028
       1617 :  21803
       1618 :  29942
       1619 :  15654
       1620 :  25447
       1621 :  23605
       1622 :  23605
       1623 :  25447
       1624 :  25447
       1625 :  27528
       1626 :  27528
       1627 :  25457
       1628 :  25457
       1629 :  27528
       1630 :  27528
       1631 :  27528
       1632 :  27528
       1633 :  27528
       1634 :  27528
       1635 :  19444
       1636 :  28206
       1637 :  28206
       1638 :  28206
       1639 :  35366
       1640 :  35366
       1641 :  35366
       1642 :  37599
       1643 :  37599
       1644 :  37599
       1645 :  44048
       1646 :  37599
       1647 :  36451
       1648 :  37599
       1649 :  44048
       1650 :  37599
       1651 :  44048
       1652 :  37599
       1653 :  36451
       1654 :  36451
       1655 :  36451
       1656 :  36451
       1657 :  36451
       1658 :  36451
       1659 :  25273
       1660 :  25273
       1661 :  25273
       1662 :  23451
       1663 :  17635
       1664 :  17635
       1665 :  17635
       1666 :  17635
       1667 :  17635
       1668 :  14378
       1669 :  14378
       1670 :  14378
       1671 :  14378
       1672 :  14378
       1673 :  14378
       1674 :  14378
       1675 :  28129
       1676 :  28129
       1677 :  30899
       1678 :  30899
       1679 :  28117
       1680 :  30899
       1681 :  30899
       1682 :  33879
       1683 :  33879
       1684 :  40323
       1685 :  33879
       1686 :  33879
       1687 :  36525
       1688 :  36525
       1689 :  36525
       1690 :  36525
       1691 :  36525
       1692 :  36525
       1693 :  45876
       1694 :  45876
       1695 :  45876
       1696 :  44155
       1697 :  44155
       1698 :  44155
       1699 :  45876
       1700 :  44155
       1701 :  44155
       1702 :  37335
       1703 :  37335
       1704 :  37335
       1705 :  37335
       1706 :  34256
       1707 :  37335
       1708 :  29215
       1709 :  29215
       1710 :  37664
       1711 :  37664
       1712 :  36412
       1713 :  36412
       1714 :  36412
       1715 :  36412
       1716 :  37664
       1717 :  39332
       1718 :  36412
       1719 :  37755
       1720 :  36412
       1721 :  36412
       1722 :  33898
       1723 :  33898
       1724 :  27730
       1725 :  27730
       1726 :  27730
       1727 :  27730
       1728 :  22583
       1729 :  22583
       1730 :  27730
       1731 :  22583
       1732 :  22583
       1733 :  22583
       1734 :  22583
       1735 :  22583
       1736 :  22583
       1737 :  22583
       1738 :  22583
       1739 :  22583
       1740 :  18636
       1741 :  28030
       1742 :  28030
       1743 :  28030
       1744 :  28030
       1745 :  28030
       1746 :  28030
       1747 :  28030
       1748 :  28030
       1749 :  33793
       1750 :  33793
       1751 :  39081
       1752 :  39081
       1753 :  39081
       1754 :  39081
       1755 :  41406
       1756 :  41406
       1757 :  41406
       1758 :  41406
       1759 :  32344
       1760 :  32174
       1761 :  32174
       1762 :  32174
       1763 :  17897
       1764 :  21261
       1765 :  21261
       1766 :  21261
       1767 :  21261
       1768 :  21261
       1769 :  21261
       1770 :  26115
       1771 :  26115
       1772 :  26115
       1773 :  26115
       1774 :  26115
       1775 :  40483
       1776 :  40483
       1777 :  26115
       1778 :  26115
       1779 :  26115
       1780 :  32047
       1781 :  32047
       1782 :  33950
       1783 :  33950
       1784 :  33950
       1785 :  33950
       1786 :  33950
       1787 :  33950
       1788 :  37492
       1789 :  37492
       1790 :  33950
       1791 :  37492
       1792 :  37492
       1793 :  37492
       1794 :  37492
       1795 :  37492
       1796 :  37492
       1797 :  37492
       1798 :  37492
       1799 :  43235
       1800 :  43235
       1801 :  43235
       1802 :  52152
       1803 :  43235
       1804 :  52152
       1805 :  43235
       1806 :  43235
       1807 :  43235
       1808 :  43235
       1809 :  43235
       1810 :  37748
       1811 :  37748
       1812 :  37748
       1813 :  37748
       1814 :  37748
       1815 :  38473
       1816 :  37748
       1817 :  37748
       1818 :  37748
       1819 :  37748
       1820 :  37748
       1821 :  39680
       1822 :  39680
       1823 :  44551
       1824 :  44551
       1825 :  44551
       1826 :  39680
       1827 :  39680
       1828 :  39680
       1829 :  39680
       1830 :  39680
       1831 :  39680
       1832 :  39680
       1833 :  37260
       1834 :  37260
       1835 :  32393
       1836 :  32393
       1837 :  32393
       1838 :  32393
       1839 :  35003
       1840 :  35003
       1841 :  33531
       1842 :  33531
       1843 :  23087
       1844 :  30938
       1845 :  23087
       1846 :  23087
       1847 :  23087
       1848 :  23087
       1849 :  23087
       1850 :  23872
       1851 :  23872
       1852 :  23872
       1853 :  23872
       1854 :  23872
       1855 :  30938
       1856 :  33043
       1857 :  33043
       1858 :  39292
       1859 :  33043
       1860 :  39292
       1861 :  39292
       1862 :  39292
       1863 :  39292
       1864 :  39292
       1865 :  39292
       1866 :  39292
       1867 :  39395
       1868 :  41779
       1869 :  41779
       1870 :  39395
       1871 :  39395
       1872 :  33532
       1873 :  33532
       1874 :  25105
       1875 :  25105
       1876 :  25105
       1877 :  25105
       1878 :  19916
       1879 :  25105
       1880 :  25105
       1881 :  25105
       1882 :  25712
       1883 :  25712
       1884 :  32339
       1885 :  32339
       1886 :  32339
       1887 :  32339
       1888 :  25712
       1889 :  25712
       1890 :  25712
       1891 :  25712
       1892 :  25712
       1893 :  19277
       1894 :  19277
       1895 :  19277
       1896 :  26156
       1897 :  26156
       1898 :  26554
       1899 :  26554
       1900 :  26554
       1901 :  26554
       1902 :  46519
       1903 :  43597
       1904 :  43597
       1905 :  43597
       1906 :  40296
       1907 :  40296
       1908 :  40296
       1909 :  40296
       1910 :  40296
       1911 :  40296
       1912 :  30756
       1913 :  30756
       1914 :  30756
       1915 :  27336
       1916 :  27336
       1917 :  30756
       1918 :  30756
       1919 :  30756
       1920 :  15544
       1921 :  15544
       1922 :  42477
       1923 :  27739
       1924 :  27739
       1925 :  31850
       1926 :  31850
       1927 :  35753
       1928 :  31850
       1929 :  30472
       1930 :  31850
       1931 :  31850
       1932 :  33621
       1933 :  35753
       1934 :  33093
       1935 :  30472
       1936 :  31850
       1937 :  30472
       1938 :  23315
       1939 :  30472
       1940 :  33093
       1941 :  29978
       1942 :  23315
       1943 :  29978
       1944 :  29978
       1945 :  29978
       1946 :  29978
       1947 :  34779
       1948 :  29978
       1949 :  34779
       1950 :  34779
       1951 :  29978
       1952 :  28045
       1953 :  28045
       1954 :  28045
       1955 :  28045
       1956 :  22178
       1957 :  22178
       1958 :  22178
       1959 :  19955
       1960 :  28045
       1961 :  28045
       1962 :  37426
       1963 :  37426
       1964 :  37426
       1965 :  31311
       1966 :  31311
       1967 :  31311
       1968 :  31311
       1969 :  31311
       1970 :  31311
       1971 :  31311
       1972 :  31311
       1973 :  31311
       1974 :  31311
       1975 :  28775
       1976 :  31311
       1977 :  34025
       1978 :  38638
       1979 :  34025
       1980 :  34025
       1981 :  34025
       1982 :  34025
       1983 :  34409
       1984 :  34409
       1985 :  38638
       1986 :  34409
       1987 :  34409
---------------------------------------------
All data have been generated successfully!
---------------------------------------------
Simulation complete via $finish(1) at time 40042500 PS + 0
../sim/test.v:88       $finish;
ncsim> exit
TOOL:	ncverilog	15.20-s084: Exiting on Jul 07, 2022 at 16:20:25 CST  (total: 00:00:00)
