# ----------------------------------------
# JasperGold Version Info
# tool      : JasperGold 2021.03
# platform  : Linux 5.15.0-43-generic
# version   : 2021.03 FCS 64 bits
# build date: 2021.03.23 02:50:43 UTC
# ----------------------------------------
# started   : 2022-08-03 14:05:28 CST
# hostname  : caidcpuserver1.(none)
# pid       : 8054
# arguments : '-label' 'session_0' '-console' '//127.0.0.1:37269' '-style' 'windows' '-data' 'AAAAjHicY2RgYLCp////PwMYMFcBCQEGHwZfhiAGVyDpzxAGpOGA8QGUYcMIJJiAWIRBl6GYoZShgCGVoYghhyGTIY+hBCiuB4b6QLlkoHgmUL4EzENXqQfEyUAeAwM7AJWwFNA=' '-proj' '/home/YuChengWang/Verilog_pratice/HW7/build/jgproject/sessionLogs/session_0' '-init' '-hidden' '/home/YuChengWang/Verilog_pratice/HW7/build/jgproject/.tmp/.initCmds.tcl' '../script/superlint.tcl'

Any disclosure about the Cadence Design Systems software or its use
model to any third party violates the written Non-Disclosure Agreement
between Cadence Design Systems, Inc. and the customer.

THIS SOFTWARE CONTAINS CONFIDENTIAL INFORMATION AND TRADE SECRETS OF
CADENCE DESIGN SYSTEMS, INC. USE, DISCLOSURE, OR REPRODUCTION IS
PROHIBITED WITHOUT THE PRIOR EXPRESS WRITTEN PERMISSION OF CADENCE
DESIGN SYSTEMS, INC.

Copyright (C) 2000-2021 Cadence Design Systems, Inc. All Rights
Reserved.  Unpublished -- rights reserved under the copyright laws of
the United States.

This product includes software developed by others and redistributed
according to license agreement. See doc/third_party_readme.txt for
further details.

RESTRICTED RIGHTS LEGEND

Use, duplication, or disclosure by the Government is subject to
restrictions as set forth in subparagraph (c) (1) (ii) of the Rights in
Technical Data and Computer Software clause at DFARS 252.227-7013 or
subparagraphs (c) (1) and (2) of Commercial Computer Software -- Restricted
Rights at 48 CFR 52.227-19, as applicable.


                          Cadence Design Systems, Inc. 
                          2655 Seely Avenue
                          San Jose, CA 95134
                          Phone: 408.943.1234

For technical assistance visit http://support.cadence.com.

JasperGold Apps Analysis Session - /home/YuChengWang/Verilog_pratice/HW7/build/jgproject/sessionLogs/session_0

INFO: successfully checked out licenses "jasper_pint" and "jasper_dao".
INFO: reading configuration file "/home/YuChengWang/.config/jasper/jaspergold.conf".
% check_superlint -init
% clear -all
INFO (IPF121): Cleared environment completely for new design analysis.
% 
% # Config rules
% config_rtlds -rule -enable -domain { LINT AUTO_FORMAL }
% config_rtlds -rule -disable -tag { CAS_IS_DFRC SIG_IS_DLCK SIG_NO_TGFL SIG_NO_TGRS SIG_NO_TGST FSM_NO_MTRN FSM_NO_TRRN }
% # vsd2018_constrain //
% config_rtlds -rule  -disable -category { NAMING AUTO_FORMAL_DEAD_CODE AUTO_FORMAL_SIGNALS AUTO_FORMAL_ARITHMETIC_OVERFLOW }
% config_rtlds -rule  -disable -tag { IDN_NR_SVKY ARY_MS_DRNG IDN_NR_AMKY IDN_NR_CKYW IDN_NR_SVKW ARY_NR_LBND VAR_NR_INDL INS_NR_PTEX INP_NO_USED OTP_NR_ASYA FLP_NR_MXCS OTP_UC_INST OTP_NR_UDRV REG_NR_TRRC INS_NR_INPR MOD_NS_GLGC } 
WARNING (WRTL017): Unable to find a matching tag for IDN_NR_SVKY,IDN_NR_AMKY,VAR_NR_INDL. This command will be completely ignored.
% config_rtlds -rule  -disable -tag { REG_NR_RWRC }
% # vsd2018_constrain //
% 
% analyze -sv +incdir+../include ../src/top.sv
[-- (VERI-1482)] Analyzing Verilog file '/home/nfs_cad/cadence/JASPER/jasper_2021.03/lib/verilog/packages/std/std.sv' into library 'std'
[-- (VERI-1482)] Analyzing Verilog file '../src/top.sv'
[INFO (VERI-1328)] ../src/top.sv(1): analyzing included file '../src/IF.sv'
[INFO (VERI-1328)] ../src/IF.sv(1): analyzing included file '../src/ProgramCounter.sv'
[INFO (VERI-1328)] ../src/top.sv(2): analyzing included file '../src/ID.sv'
[INFO (VERI-1328)] ../src/ID.sv(1): analyzing included file '../src/ControlUnit.sv'
[INFO (VERI-1328)] ../src/ID.sv(2): analyzing included file '../src/RegisterFile.sv'
[INFO (VERI-1328)] ../src/ID.sv(3): analyzing included file '../src/ImmediateGenerator.sv'
[INFO (VERI-1328)] ../src/top.sv(3): analyzing included file '../src/EXE.sv'
[INFO (VERI-1328)] ../src/EXE.sv(1): analyzing included file '../src/ALUCtrl.sv'
[INFO (VERI-1328)] ../src/EXE.sv(2): analyzing included file '../src/ALU.sv'
[INFO (VERI-1328)] ../src/top.sv(4): analyzing included file '../src/MEM.sv'
[INFO (VERI-1328)] ../src/top.sv(5): analyzing included file '../src/WB.sv'
[INFO (VERI-1328)] ../src/top.sv(6): analyzing included file '../src/ForwardUnit.sv'
[INFO (VERI-1328)] ../src/top.sv(7): analyzing included file '../src/BranchCtrl.sv'
[INFO (VERI-1328)] ../src/top.sv(8): analyzing included file '../src/HazardCtrl.sv'
[INFO (VERI-1328)] ../src/top.sv(9): analyzing included file '../src/SRAM_wrapper.sv'
% elaborate -bbox true -top top
INFO (ISW003): Top module name is "top".
[INFO (HIER-8002)] ../src/top.sv(245): Disabling old hierarchical reference handler
[INFO (VERI-1018)] ../src/ProgramCounter.sv(1): compiling module 'ProgramCounter'
[INFO (VERI-1018)] ../src/IF.sv(2): compiling module 'IF'
[INFO (VERI-1018)] ../src/SRAM_wrapper.sv(1): compiling module 'SRAM_wrapper'
[INFO (VERI-1018)] ../src/RegisterFile.sv(1): compiling module 'RegisterFile'
[INFO (VERI-1018)] ../src/ImmediateGenerator.sv(1): compiling module 'ImmediateGenerator'
[INFO (VERI-1018)] ../src/ControlUnit.sv(1): compiling module 'ControlUnit'
[INFO (VERI-1018)] ../src/ID.sv(4): compiling module 'ID'
[INFO (VERI-1018)] ../src/ALU.sv(1): compiling module 'ALU'
[WARN (VERI-1209)] ../src/ALU.sv(33): expression size 32 truncated to fit in target size 1
[WARN (VDB-1002)] ../src/ALU.sv(29): net 'sum[31]' does not have a driver
[INFO (VERI-1018)] ../src/ALUCtrl.sv(1): compiling module 'ALUCtrl'
[INFO (VERI-1018)] ../src/EXE.sv(3): compiling module 'EXE'
[INFO (VERI-1018)] ../src/MEM.sv(1): compiling module 'MEM'
[INFO (VERI-1018)] ../src/WB.sv(1): compiling module 'WB'
[INFO (VERI-1018)] ../src/BranchCtrl.sv(1): compiling module 'BranchCtrl'
[INFO (VERI-1018)] ../src/ForwardUnit.sv(1): compiling module 'ForwardUnit'
[INFO (VERI-1018)] ../src/HazardCtrl.sv(1): compiling module 'HazardCtrl'
[INFO (VERI-1018)] ../src/top.sv(10): compiling module 'top'
WARNING (WNL008): Module "SRAM" is undefined. All instances will be black boxed.
INFO (INL208): Elaboration synthesis summary:
  Number of synthesized netlists          17 (0 packages)
  Single run mode                         On
  Pipeline                                On (16 pipelined netlists)
  Late hierarchical reference connection  On
  Number of analyzed Verilog modules      16 (16 synthesized)
  Number of analyzed VHDL entities        0 (1 synthesized)
INFO (INL003): Clearing all state information (assumes, stopats, and so forth).
top
[<embedded>] % 
[<embedded>] % # Setup clock and reset
[<embedded>] % clock clk
[<embedded>] % reset rst
INFO (IPM031): Clearing proof results of all properties.
INFO (IRS006): Current reset condition is "rst".
[<embedded>] % 
[<embedded>] % # Setup for CTL check
[<embedded>] % set_superlint_fsm_ctl_livelock true
WARNING (WSL070): This command is deprecated.
    Use "config_rtlds -rule -enable -tag {FSM_IS_LVLK FSM_IS_PLLK FSM_IS_NLLK}" instead.
    For CTL properties, enable FSM_IS_LVLK, and for LTL properties, enable FSM_IS_PLLK and FSM_IS_NLLK.
[<embedded>] % set_superlint_fsm_ctl_deadlock true
WARNING (WSL069): This command is deprecated.
    Use "config_rtlds -rule -enable -tag {FSM_IS_DDLK FSM_IS_PDLK FSM_IS_NDLK}" instead.
    For CTL properties, enable FSM_IS_DDLK, and for LTL properties, enable FSM_IS_PDLK and FSM_IS_NDLK.
[<embedded>] % 
[<embedded>] % # Setup for LTL check
[<embedded>] % #set_superlint_fsm_ctl_livelock false
[<embedded>] % #set_superlint_fsm_ctl_deadlock false
[<embedded>] % #set_superlint_add_automatic_task_assumption true
[<embedded>] % 
[<embedded>] % # Extract checks
[<embedded>] % check_superlint -extract
INFO (ISL009): Started detection of MOD_IS_FCMB checks
INFO (ISL009): Started detection of ASG_IS_XRCH, ARY_IS_OOBI, CAS_NO_PRIO checks
INFO (ISL009): Started detection of FSM_IS_DDLK,FSM_IS_LVLK,FSM_NO_RCHB,FSM_IS_PDLK,FSM_IS_PLLK checks
INFO (ISL009): Started detection of BUS_IS_CONT,BUS_IS_FLOT checks
INFO (ISL014): Started extracting properties for MOD_IS_FCMB checks
INFO (ISL015): Extracted 0 properties of MOD_IS_FCMB
INFO (ISL014): Started extracting properties for ASG_IS_XRCH,ARY_IS_OOBI,CAS_NO_PRIO checks
INFO (ISL015): Extracted 0 properties of ASG_IS_XRCH,ARY_IS_OOBI,CAS_NO_PRIO
INFO (ISL014): Started extracting properties for FSM_IS_DDLK,FSM_IS_LVLK,FSM_NO_RCHB,FSM_IS_PDLK,FSM_IS_PLLK checks
INFO (ISL015): Extracted 0 properties of FSM_IS_DDLK,FSM_IS_LVLK,FSM_NO_RCHB,FSM_IS_PDLK,FSM_IS_PLLK
INFO (ISL014): Started extracting properties for BUS_IS_CONT,BUS_IS_FLOT checks
INFO (ISL018): Started extraction of structural checks
INFO (ISL018): Started building clock tree
INFO (ISL018): Finished building clock tree
INFO (ISL018): Started building reset tree
INFO (ISL018): Finished building reset tree
INFO (ISL018): Violation Count: Errors = 6 Warnings = 208 Info = 2
216
[<embedded>] % 
[<embedded>] % # Prove
[<embedded>] % set_superlint_prove_parallel_tasks on
[<embedded>] % set_prove_no_traces true
[<embedded>] % check_superlint -prove -time_limit 10m -bg
INFO (ISL008): Running multiple proof threads in parallel, one per task.
    Expect high resource allocation.
WARNING (WSL054): "superlint_prove_parallel_tasks" is enabled, overriding the following settings: proofgrid_per_engine_max_jobs, proofgrid_max_jobs.
    For message help, type "help -message WSL054".
INFO (IPL005): Received request to exit from the console.
INFO (IPL014): Waiting for the Tcl-thread to exit.
INFO (IPL018): The peak resident set memory use for this session was 0.415 GB.
INFO (IPL015): The Tcl-thread exited with status 0.
INFO (IPL016): Exiting the analysis session with status 0.
