2023-02-04 18:13:58.958070 (2392339) main____ INFO    ----------------------------------------
2023-02-04 18:13:58.958126 (2392339) main____ INFO    JasperGold version info
2023-02-04 18:13:58.958133 (2392339) main____ INFO      tool      : JasperGold 2021.03
2023-02-04 18:13:58.958139 (2392339) main____ INFO      version   : 2021.03 FCS 64 bits
2023-02-04 18:13:58.958143 (2392339) main____ INFO      build date: 2021.03.23 02:50:43 UTC
2023-02-04 18:13:58.958147 (2392339) main____ INFO    ----------------------------------------
2023-02-04 18:13:58.958151 (2392339) main____ INFO    Runtime info:
2023-02-04 18:13:58.958155 (2392339) main____ INFO      platform  : Linux 5.15.0-58-generic x86_64
2023-02-04 18:13:58.958162 (2392339) main____ INFO      hostname  : caidcpuserver1
2023-02-04 18:13:58.958167 (2392339) main____ INFO      pid       : 2392339
2023-02-04 18:13:58.958171 (2392339) main____ INFO      arguments : '-style' 'windows' '-superlint' '/home/YuChengWang/Verilog_pratice/2023_Winter/2022/script/superlint.tcl'
2023-02-04 18:13:58.958181 (2392339) main____ INFO      locale    : UTF-8
2023-02-04 18:13:58.958185 (2392339) main____ INFO    ----------------------------------------
2023-02-04 18:13:58.958188 (2392339) main____ INFO    System resource limits info:
2023-02-04 18:13:58.958194 (2392339) main____ INFO      virtual memory: unlimited
2023-02-04 18:13:58.958199 (2392339) main____ INFO      cpu time      : unlimited
2023-02-04 18:13:58.958209 (2392339) main____ INFO      stack size    : 8388608 B
2023-02-04 18:13:58.958215 (2392339) main____ INFO      core file size: 0 B
2023-02-04 18:13:58.958223 (2392339) main____ INFO      open files    : 1024
2023-02-04 18:13:58.958228 (2392339) main____ INFO      file size     : unlimited
2023-02-04 18:13:58.958233 (2392339) main____ INFO    ----------------------------------------
2023-02-04 18:13:58.958237 (2392339) main____ INFO    Memory statistics:
2023-02-04 18:13:58.958243 (2392339) main____ INFO      total physical memory  : 65589280 kB
2023-02-04 18:13:58.958247 (2392339) main____ INFO      free physical memory   : 56394824 kB
2023-02-04 18:13:58.958252 (2392339) main____ INFO      committed address space: 9768592 kB
2023-02-04 18:13:58.958256 (2392339) main____ INFO    ----------------------------------------
2023-02-04 18:13:58.958784 (2392339) main____ INFO    Important environment variables:
2023-02-04 18:13:58.958797 (2392339) main____ INFO      DISPLAY           : 'localhost:23.0'
2023-02-04 18:13:58.958801 (2392339) main____ INFO      JASPER_INSTALL_DIR: '/home/nfs_cad/cadence/JASPER/jasper_2021.03'
2023-02-04 18:13:58.958805 (2392339) main____ INFO      LANG              : 'en_US.UTF-8'
2023-02-04 18:13:58.958808 (2392339) main____ INFO      LM_LICENSE_FILE   : '1717@lshc:26585@lstn:5280@lstc'
2023-02-04 18:13:58.958811 (2392339) main____ INFO    ----------------------------------------
2023-02-04 18:13:58.959218 (2392339) lic_core INFO    Initializing license system ...
2023-02-04 18:13:58.960643 (2392339) lic_core INFO    ... license system initialized.
2023-02-04 18:13:58.961344 (2392339) lic__man INFO    Claim 'main' for <ui>.
2023-02-04 18:13:58.961373 (2392339) lic_core INFO    (1) checking out 'jasper_interactive' ...
2023-02-04 18:13:59.010267 (2392339) lic_core INFO    ... (1) checkout failed (error: -5) ("FLEXnet ERROR(-5, 0, 0): No such feature exists.")
2023-02-04 18:13:59.010333 (2392339) lic_core INFO    (2) checking out 'jasper_pint' ...
2023-02-04 18:13:59.161331 (2392339) lic_core INFO    ... (2) checkout succeeded
2023-02-04 18:13:59.161415 (2392339) lic__man INFO    Claim 'superlint' for <ui>.
2023-02-04 18:13:59.161440 (2392339) lic_core INFO    (3) checking out 'jasper_afl' ...
2023-02-04 18:13:59.211553 (2392339) lic_core INFO    ... (3) checkout failed (error: -5) ("FLEXnet ERROR(-5, 0, 0): No such feature exists.")
2023-02-04 18:13:59.211613 (2392339) lic_core INFO    (4) checking out 'jasper_dao' ...
2023-02-04 18:13:59.358412 (2392339) lic_core INFO    ... (4) checkout succeeded
2023-02-04 18:13:59.358844 (2392339) main____ INFO    Tool inactivity delay is 480000 ms.
2023-02-04 18:13:59.877687 (2392339) lic__man INFO    Claim 'superlint' for <ui>.
2023-02-04 18:14:00.192640 (2392339) lic__man INFO    Unclaim 'superlint' for <ui>.
2023-02-04 18:14:00.192679 (2392339) lic__man INFO    Claim 'superlint' for <ui>.
2023-02-04 18:14:00.195655 (2392339) session_ INFO    Starting analysis session with session id 'session_0' (launcher: <local>) ...
2023-02-04 18:14:00.197945 (2392339) session_ INFO    Analysis session with session id 'session_0' started (pid: 2392372)
2023-02-04 18:14:05.598384 (2392339) session_ INFO    Analysis session 'session_0' connected to the console (host: 127.0.0.1:59830)
2023-02-04 18:14:06.348348 (2392339) lic__man INFO    Unclaim everything for 'session_0'.
2023-02-04 18:14:07.075967 (2392339) lic__man INFO    Unclaim everything for 'session_0'.
2023-02-04 18:15:47.679692 (2392339) lic__man INFO    Unclaim everything for 'session_0'.
2023-02-04 18:16:08.813837 (2392339) lic__man INFO    Unclaim everything for 'session_0'.
2023-02-04 18:16:09.514989 (2392339) lic__man INFO    Unclaim everything for 'session_0'.
2023-02-04 18:16:17.800004 (2392339) main____ INFO    About to exit: requested from GUI
2023-02-04 18:16:17.850765 (2392339) session_ INFO    Analysis session 'session_0' disconnected.
2023-02-04 18:16:17.866230 (2392339) lic_core INFO    (2) checkin jasper_pint
2023-02-04 18:16:17.870438 (2392339) lic_core INFO    (4) checkin jasper_dao
2023-02-04 18:16:17.874853 (2392339) main____ INFO    Exiting with status 0.
