 
****************************************
Report : area
Design : JAM
Version: T-2022.03
Date   : Sat Feb  4 23:39:48 2023
****************************************

Library(s) Used:

    slow (File: /usr/cad/lib/CBDK_IC_Contest_v2.5/SynopsysDC/db/slow.db)

Number of ports:                           62
Number of nets:                           794
Number of cells:                          667
Number of combinational cells:            571
Number of sequential cells:                94
Number of macros/black boxes:               0
Number of buf/inv:                         93
Number of references:                      71

Combinational area:               5083.712992
Buf/Inv area:                      641.617206
Noncombinational area:            3109.636753
Macro/Black Box area:                0.000000
Net Interconnect area:           98420.497467

Total cell area:                  8193.349745
Total area:                     106613.847212
1
