ncverilog(64): 15.20-s084: (c) Copyright 1995-2020 Cadence Design Systems, Inc.
TOOL:	ncverilog	15.20-s084: Started on Sep 11, 2023 at 00:41:00 CST
ncverilog
	/home/YuChengWang/IC_Contest_Practice/108_String_Matching_Engine/sim/tb_term.sv
	/home/YuChengWang/IC_Contest_Practice/108_String_Matching_Engine/src/SME.v
	+incdir+/home/YuChengWang/IC_Contest_Practice/108_String_Matching_Engine/src
	+nc64bit
	+access+r
	+define+FSDB_FILE="SME.fsdb"
	+define+MD1
file: /home/YuChengWang/IC_Contest_Practice/108_String_Matching_Engine/sim/tb_term.sv
	module worklib.testfixture:sv
		errors: 0, warnings: 0
file: /home/YuChengWang/IC_Contest_Practice/108_String_Matching_Engine/src/SME.v
	module worklib.SME:v
		errors: 0, warnings: 0
ncvlog: *W,SPDUSD: Include directory /home/YuChengWang/IC_Contest_Practice/108_String_Matching_Engine/src given but not used.
	Total errors/warnings found outside modules and primitives:
		errors: 0, warnings: 1
		Caching library 'worklib' ....... Done
	Elaborating the design hierarchy:
ncelab: *W,DSEMEL: This SystemVerilog design will be simulated as per IEEE 1800-2009 SystemVerilog simulation semantics. Use -disable_sem2009 option for turning off SV 2009 simulation semantics.
	Building instance overlay tables: .................... Done
	Generating native compiled code:
		worklib.SME:v <0x00f8ad31>
			streams:  15, words: 10759
		worklib.\$unit_0x561e5469 :compilation_unit <0x4ee6796b>
			streams:   1, words:  7301
		worklib.testfixture:sv <0x56b72a8a>
			streams:  15, words: 25257
	Building instance specific data structures.
	Loading native compiled code:     .................... Done
	Design hierarchy summary:
		                  Instances  Unique
		Modules:                  2       2
		Registers:               45      45
		Scalar wires:             6       -
		Vectored wires:           2       -
		Always blocks:            8       8
		Initial blocks:          10      10
		Pseudo assignments:       1       1
		Compilation units:        1       1
		Simulation timescale:  10ps
	Writing initial simulation snapshot: worklib.testfixture:sv
Loading snapshot worklib.testfixture:sv .................... Done
ncsim: *W,DSEM2009: This SystemVerilog design is simulated as per IEEE 1800-2009 SystemVerilog simulation semantics. Use -disable_sem2009 option for turning off SV 2009 simulation semantics.
*Verdi* Loading libsscore_ius152.so
ncsim> source /usr/cad/cadence/INCISIV/cur/tools/inca/files/ncsimrc
ncsim> run
FSDB Dumper for IUS, Release Verdi_O-2018.09, Linux x86_64/64bit, 08/30/2018
(C) 1996 - 2018 by Synopsys, Inc.
*Verdi* FSDB WARNING: The FSDB file already exists. Overwriting the FSDB file may crash the programs that are using this file.
*Verdi* : Create FSDB file 'SME.fsdb'
*Verdi* : Begin traversing the scopes, layer (0).
*Verdi* : End of traversing.
*Verdi* : Begin traversing the MDAs, layer (0).
*Verdi* : Enable +mda and +packedmda dumping.
*Verdi* : End of traversing the MDAs.
----------------------
-- Simulation Start --
----------------------
  __________________________________________________________
  == String 1  "abcdijk lmnop q rstuv"
  -- Pattern 1  "1234"
       cycle 33, expect(0,00) , get(0,00) >> Pass
  -- Pattern 2  "abcd"
       cycle 3c, expect(1,00) , get(1,00) >> Pass
  -- Pattern 3  "dijk"
       cycle 48, expect(1,03) , get(1,03) >> Pass
  -- Pattern 4  "pqrst"
       cycle 63, expect(0,00) , get(0,0c) >> Pass
  -- Pattern 5  "pqr.t"
       cycle 7e, expect(0,00) , get(0,0c) >> Pass
  -- Pattern 6  "c...k"
       cycle 8b, expect(1,02) , get(1,02) >> Pass
  -- Pattern 7  "^lmno"
       cycle 9d, expect(1,08) , get(1,08) >> Pass
  -- Pattern 8  "rstuv$"
       cycle ba, expect(1,10) , get(1,10) >> Pass
  -- Pattern 9  "^rmn"
       cycle d4, expect(0,00) , get(0,10) >> Pass
  -- Pattern a  "ijk l$"
       cycle f0, expect(0,00) , get(0,04) >> Pass
  -- Pattern b  "v"
       cycle 107, expect(1,14) , get(1,14) >> Pass
  -- Pattern c  "lmnoprst"
       cycle 125, expect(0,00) , get(0,08) >> Pass
  -- Pattern d  "^ijk$"
       cycle 140, expect(0,00) , get(0,00) >> Pass
  -- Pattern e  "^q$"
       cycle 154, expect(1,0e) , get(1,0e) >> Pass
  __________________________________________________________
  == String 2  "2x1=2 2x2=4 2x3=6"
  -- Pattern 1  "^2.2.2"
       cycle 17d, expect(0,00) , get(0,0c) >> Pass
  -- Pattern 2  "2.2.2"
       cycle 18c, expect(1,04) , get(1,04) >> Pass
  -- Pattern 3  "^2.2.4$"
       cycle 1a0, expect(1,06) , get(1,06) >> Pass
  -- Pattern 4  "."
       cycle 1a3, expect(1,00) , get(1,00) >> Pass
  -- Pattern 5  "^.."
       cycle 1a9, expect(1,00) , get(1,00) >> Pass
  -- Pattern 6  "^.$"
       cycle 1be, expect(0,00) , get(0,0c) >> Pass
  -- Pattern 7  "2.$"
       cycle 1d3, expect(0,00) , get(0,0c) >> Pass
  -- Pattern 8  "2x4=7"
       cycle 1ea, expect(0,00) , get(0,0c) >> Pass
  -- Pattern 9  "3=6-3"
       cycle 201, expect(0,00) , get(0,0e) >> Pass
  -- Pattern a  "1.2=2"
       cycle 218, expect(0,00) , get(0,02) >> Pass
  -- Pattern b  "2*2=4"
       cycle 22f, expect(1,00) , get(1,00) >> Pass
  __________________________________________________________
  == String 3  "She sees cheese"
  -- Pattern 1  "ees."
       cycle 24c, expect(1,05) , get(1,05) >> Pass
  -- Pattern 2  "ees.$"
       cycle 262, expect(1,0b) , get(1,0b) >> Pass
  -- Pattern 3  "e..se"
       cycle 277, expect(0,00) , get(0,0b) >> Pass
  -- Pattern 4  "e..ee$"
       cycle 28d, expect(0,00) , get(0,0b) >> Pass
  -- Pattern 5  "^ees*"
       cycle 2a2, expect(0,00) , get(0,00) >> Pass
  -- Pattern 6  "hee*se"
       cycle 2b9, expect(1,0a) , get(1,0a) >> Pass
  -- Pattern 7  "he.s"
       cycle 2c3, expect(1,01) , get(1,01) >> Pass
  -- Pattern 8  "*see$"
       cycle 2e3, expect(0,00) , get(0,00) >> Pass
  -- Pattern 9  "se*ce"
       cycle 300, expect(0,00) , get(0,04) >> Pass
  __________________________________________________________
  == String 4  "But she said the butter's bitter"
  -- Pattern 1  "sa*said"
       cycle 35d, expect(0,00) , get(0,08) >> Pass
  -- Pattern 2  "b*tter"
       cycle 37d, expect(1,11) , get(1,11) >> Pass
  -- Pattern 3  "b*tter$"
       cycle 3ac, expect(1,11) , get(1,11) >> Pass
  -- Pattern 4  "ut*r"
       cycle 3dc, expect(1,01) , get(1,01) >> Pass
  -- Pattern 5  "ut*tted"
       cycle 41a, expect(0,00) , get(0,01) >> Pass
  -- Pattern 6  "^ut*tter"
       cycle 443, expect(0,00) , get(0,00) >> Pass
  -- Pattern 7  "*tered"
       cycle 486, expect(0,00) , get(0,00) >> Pass
  __________________________________________________________
  == String 5  "He threw three free throws"
  -- Pattern 1  "thr*the$"
       cycle 4d3, expect(0,00) , get(0,03) >> Pass
  -- Pattern 2  "^thro*th"
       cycle 4f8, expect(0,00) , get(0,14) >> Pass
  -- Pattern 3  ".ree th"
       cycle 517, expect(1,0f) , get(1,0f) >> Pass
  -- Pattern 4  ".ree  fr"
       cycle 53b, expect(0,00) , get(0,18) >> Pass
  -- Pattern 5  ".ree *re"
       cycle 558, expect(1,0a) , get(1,0a) >> Pass
  -- Pattern 6  "re. thr"
       cycle 56c, expect(1,05) , get(1,05) >> Pass
  -- Pattern 7  "ee*ee fr"
       cycle 598, expect(0,00) , get(0,0c) >> Pass
  -- Pattern 8  "ee*ee th"
       cycle 5bb, expect(1,0c) , get(1,0c) >> Pass
  -- Pattern 9  "re*ee.$"
       cycle 5ea, expect(0,00) , get(0,05) >> Pass
  -- Pattern a  "^...$"
       cycle 60a, expect(0,00) , get(0,14) >> Pass
  -- Pattern b  "^....$"
       cycle 625, expect(1,0f) , get(1,0f) >> Pass
----------------------------------
-- Simulation finish, ALL PASS  --
-- cycle =1574 , Score =100       --
----------------------------------
Simulation complete via $finish(1) at time 31480 NS + 0
../sim/tb_term.sv:201                     $finish;
ncsim> exit
TOOL:	ncverilog	15.20-s084: Exiting on Sep 11, 2023 at 00:41:03 CST  (total: 00:00:03)
