 
****************************************
Report : area
Design : LASER
Version: T-2022.03
Date   : Wed Mar 29 18:09:46 2023
****************************************

Library(s) Used:

    slow (File: /usr/cad/lib/CBDK_IC_Contest_v2.1/SynopsysDC/db/slow.db)

Number of ports:                           27
Number of nets:                          1948
Number of cells:                         1908
Number of combinational cells:           1530
Number of sequential cells:               376
Number of macros/black boxes:               0
Number of buf/inv:                        247
Number of references:                     120

Combinational area:              12677.880631
Buf/Inv area:                     1235.707192
Noncombinational area:           13109.020552
Macro/Black Box area:                0.000000
Net Interconnect area:          228387.837830

Total cell area:                 25786.901183
Total area:                     254174.739012
1
