 
****************************************
Report : timing
        -path full
        -delay max
        -max_paths 1
Design : top
Version: T-2022.03
Date   : Tue Aug  9 10:58:27 2022
****************************************

Operating Conditions: WCCOM   Library: fsa0m_a_generic_core_ss1p62v125c
Wire Load Model Mode: enclosed

  Startpoint: ID/ID_rs2addr_reg_1_
              (rising edge-triggered flip-flop clocked by clk)
  Endpoint: IF/PC/PC_out_reg_5_
            (rising edge-triggered flip-flop clocked by clk)
  Path Group: clk
  Path Type: max

  Des/Clust/Port     Wire Load Model       Library
  ------------------------------------------------
  top                enG1000K              fsa0m_a_generic_core_ss1p62v125c
  ForwardUnit        enG5K                 fsa0m_a_generic_core_ss1p62v125c
  EXE                enG5K                 fsa0m_a_generic_core_ss1p62v125c
  ALU                enG5K                 fsa0m_a_generic_core_ss1p62v125c
  ALU_DW01_cmp2_0    enG5K                 fsa0m_a_generic_core_ss1p62v125c
  HazardCtrl         enG5K                 fsa0m_a_generic_core_ss1p62v125c
  IF                 enG5K                 fsa0m_a_generic_core_ss1p62v125c
  ProgramCounter     enG5K                 fsa0m_a_generic_core_ss1p62v125c

  Point                                                   Incr       Path
  --------------------------------------------------------------------------
  clock clk (rise edge)                                   0.00       0.00
  clock network delay (ideal)                             1.00       1.00
  ID/ID_rs2addr_reg_1_/CK (QDFFRBN)                       0.00       1.00 r
  ID/ID_rs2addr_reg_1_/Q (QDFFRBN)                        0.77       1.77 r
  ID/ID_rs2addr[1] (ID)                                   0.00       1.77 r
  FU/ID_rs2addr[1] (ForwardUnit)                          0.00       1.77 r
  FU/U31/O (XOR2HS)                                       0.22       1.99 f
  FU/U20/O (NR3H)                                         0.14       2.13 r
  FU/U24/O (AN2T)                                         0.40       2.53 r
  FU/U14/O (AN4B1)                                        0.13       2.66 f
  FU/U23/O (AN4B1)                                        0.46       3.12 f
  FU/Forward_rs2src[1] (ForwardUnit)                      0.00       3.12 f
  U9/O (BUF6)                                             0.35       3.47 f
  EXE/Forward_rs2src[1] (EXE)                             0.00       3.47 f
  EXE/U39/O (NR2)                                         0.23       3.70 r
  EXE/U100/O (BUF1CK)                                     0.20       3.90 r
  EXE/U59/O (BUF1S)                                       0.71       4.62 r
  EXE/U50/O (AO222)                                       0.54       5.15 r
  EXE/U134/O (MOAI1S)                                     0.45       5.61 r
  EXE/ALU/rs2[3] (ALU)                                    0.00       5.61 r
  EXE/ALU/U24/O (BUF1)                                    0.84       6.45 r
  EXE/ALU/r387/B[3] (ALU_DW01_cmp2_0)                     0.00       6.45 r
  EXE/ALU/r387/U70/O (AN2)                                0.26       6.71 r
  EXE/ALU/r387/U7/O (OA222S)                              0.36       7.07 r
  EXE/ALU/r387/U17/O (AO12S)                              0.21       7.28 r
  EXE/ALU/r387/U66/O (OA222)                              0.48       7.75 r
  EXE/ALU/r387/U20/O (AO12S)                              0.20       7.96 r
  EXE/ALU/r387/U65/O (OA222)                              0.48       8.43 r
  EXE/ALU/r387/U19/O (AO12S)                              0.20       8.63 r
  EXE/ALU/r387/U64/O (OA222)                              0.48       9.11 r
  EXE/ALU/r387/U11/O (AO12S)                              0.20       9.31 r
  EXE/ALU/r387/U63/O (OA222)                              0.48       9.78 r
  EXE/ALU/r387/U8/O (AO12S)                               0.20       9.99 r
  EXE/ALU/r387/U62/O (OA222)                              0.48      10.46 r
  EXE/ALU/r387/U9/O (AO12S)                               0.20      10.66 r
  EXE/ALU/r387/U61/O (OA222)                              0.48      11.14 r
  EXE/ALU/r387/U10/O (AO12S)                              0.20      11.34 r
  EXE/ALU/r387/U60/O (OA222)                              0.48      11.81 r
  EXE/ALU/r387/U12/O (AO12S)                              0.20      12.01 r
  EXE/ALU/r387/U59/O (OA222)                              0.48      12.49 r
  EXE/ALU/r387/U13/O (AO12S)                              0.20      12.69 r
  EXE/ALU/r387/U58/O (OA222)                              0.47      13.17 r
  EXE/ALU/r387/U14/O (AO12S)                              0.20      13.37 r
  EXE/ALU/r387/U57/O (OA222)                              0.47      13.84 r
  EXE/ALU/r387/U15/O (AO12S)                              0.20      14.04 r
  EXE/ALU/r387/U56/O (OA222)                              0.47      14.52 r
  EXE/ALU/r387/U16/O (AO12S)                              0.20      14.72 r
  EXE/ALU/r387/U55/O (OA222)                              0.49      15.21 r
  EXE/ALU/r387/U6/O (AOI12HS)                             0.08      15.28 f
  EXE/ALU/r387/U1/O (AO222)                               0.51      15.79 f
  EXE/ALU/r387/U53/O (AO22)                               0.24      16.03 f
  EXE/ALU/r387/U52/O (OA12)                               0.27      16.30 f
  EXE/ALU/r387/U4/O (INV1S)                               0.16      16.45 r
  EXE/ALU/r387/LT_LE (ALU_DW01_cmp2_0)                    0.00      16.45 r
  EXE/ALU/U317/O (AOI22S)                                 0.11      16.56 f
  EXE/ALU/U390/O (ND3)                                    0.19      16.74 r
  EXE/ALU/U389/O (AOI22S)                                 0.10      16.85 f
  EXE/ALU/U388/O (NR2)                                    0.23      17.08 r
  EXE/ALU/U202/O (MOAI1HP)                                0.30      17.37 r
  EXE/ALU/ZeroFlag (ALU)                                  0.00      17.37 r
  EXE/ZeroFlag (EXE)                                      0.00      17.37 r
  BC/ZeroFlag (BranchCtrl)                                0.00      17.37 r
  BC/U3/O (OA12P)                                         0.45      17.83 r
  BC/BranchCtrl[0] (BranchCtrl)                           0.00      17.83 r
  HC/BranchCtrl[0] (HazardCtrl)                           0.00      17.83 r
  HC/U7/O (NR2)                                           0.20      18.02 f
  HC/U15/O (ND2)                                          0.23      18.26 r
  HC/U4/O (BUF4CK)                                        0.27      18.53 r
  HC/U3/O (BUF1)                                          0.43      18.96 r
  HC/PCWrite (HazardCtrl)                                 0.00      18.96 r
  U7/O (BUF1CK)                                           0.47      19.43 r
  IF/PCWrite (IF)                                         0.00      19.43 r
  IF/U5/O (BUF1CK)                                        0.26      19.69 r
  IF/PC/PCWrite (ProgramCounter)                          0.00      19.69 r
  IF/PC/U10/O (BUF1CK)                                    0.17      19.86 r
  IF/PC/U4/O (BUF1)                                       0.51      20.37 r
  IF/PC/U21/O (MOAI1S)                                    0.31      20.69 r
  IF/PC/PC_out_reg_5_/D (QDFFRBN)                         0.00      20.69 r
  data arrival time                                                 20.69

  clock clk (rise edge)                                  20.00      20.00
  clock network delay (ideal)                             1.00      21.00
  clock uncertainty                                      -0.10      20.90
  IF/PC/PC_out_reg_5_/CK (QDFFRBN)                        0.00      20.90 r
  library setup time                                     -0.20      20.70
  data required time                                                20.70
  --------------------------------------------------------------------------
  data required time                                                20.70
  data arrival time                                                -20.69
  --------------------------------------------------------------------------
  slack (MET)                                                        0.01


1
