2022-08-11 12:49:49.784799 (2061282) main____ INFO    ----------------------------------------
2022-08-11 12:49:49.784859 (2061282) main____ INFO    JasperGold version info
2022-08-11 12:49:49.784867 (2061282) main____ INFO      tool      : JasperGold 2021.03
2022-08-11 12:49:49.784872 (2061282) main____ INFO      version   : 2021.03 FCS 64 bits
2022-08-11 12:49:49.784877 (2061282) main____ INFO      build date: 2021.03.23 02:50:43 UTC
2022-08-11 12:49:49.784880 (2061282) main____ INFO    ----------------------------------------
2022-08-11 12:49:49.784884 (2061282) main____ INFO    Runtime info:
2022-08-11 12:49:49.784888 (2061282) main____ INFO      platform  : Linux 5.15.0-43-generic x86_64
2022-08-11 12:49:49.784893 (2061282) main____ INFO      hostname  : caidcpuserver1
2022-08-11 12:49:49.784897 (2061282) main____ INFO      pid       : 2061282
2022-08-11 12:49:49.784901 (2061282) main____ INFO      arguments : '-style' 'windows' '../script/jg_bridge.tcl'
2022-08-11 12:49:49.784905 (2061282) main____ INFO      locale    : UTF-8
2022-08-11 12:49:49.784909 (2061282) main____ INFO    ----------------------------------------
2022-08-11 12:49:49.784913 (2061282) main____ INFO    System resource limits info:
2022-08-11 12:49:49.784916 (2061282) main____ INFO      virtual memory: unlimited
2022-08-11 12:49:49.784920 (2061282) main____ INFO      cpu time      : unlimited
2022-08-11 12:49:49.784929 (2061282) main____ INFO      stack size    : 8388608 B
2022-08-11 12:49:49.784933 (2061282) main____ INFO      core file size: 0 B
2022-08-11 12:49:49.784939 (2061282) main____ INFO      open files    : 1024
2022-08-11 12:49:49.784944 (2061282) main____ INFO      file size     : unlimited
2022-08-11 12:49:49.784947 (2061282) main____ INFO    ----------------------------------------
2022-08-11 12:49:49.784951 (2061282) main____ INFO    Memory statistics:
2022-08-11 12:49:49.784955 (2061282) main____ INFO      total physical memory  : 65591024 kB
2022-08-11 12:49:49.784960 (2061282) main____ INFO      free physical memory   : 51831552 kB
2022-08-11 12:49:49.784963 (2061282) main____ INFO      committed address space: 6410464 kB
2022-08-11 12:49:49.784967 (2061282) main____ INFO    ----------------------------------------
2022-08-11 12:49:49.785549 (2061282) main____ INFO    Important environment variables:
2022-08-11 12:49:49.785561 (2061282) main____ INFO      DISPLAY           : 'localhost:21.0'
2022-08-11 12:49:49.785566 (2061282) main____ INFO      JASPER_INSTALL_DIR: '/home/nfs_cad/cadence/JASPER/jasper_2021.03'
2022-08-11 12:49:49.785573 (2061282) main____ INFO      LANG              : 'en_US.UTF-8'
2022-08-11 12:49:49.785576 (2061282) main____ INFO      LM_LICENSE_FILE   : '1717@lshc:26585@lstn:5280@lshc'
2022-08-11 12:49:49.785580 (2061282) main____ INFO    ----------------------------------------
2022-08-11 12:49:49.786168 (2061282) lic_core INFO    Initializing license system ...
2022-08-11 12:49:49.806364 (2061282) lic_core INFO    ... license system initialized.
2022-08-11 12:49:49.807919 (2061282) lic__man INFO    Claim 'main' for <ui>.
2022-08-11 12:49:49.807975 (2061282) lic_core INFO    (1) checking out 'jasper_interactive' ...
2022-08-11 12:49:49.881769 (2061282) lic_core INFO    ... (1) checkout failed (error: -5) ("FLEXnet ERROR(-5, 0, 0): No such feature exists.")
2022-08-11 12:49:49.881834 (2061282) lic_core INFO    (2) checking out 'jasper_pint' ...
2022-08-11 12:49:50.048295 (2061282) lic_core INFO    ... (2) checkout succeeded
2022-08-11 12:49:50.048362 (2061282) lic__man INFO    Claim 'fpv' for <ui>.
2022-08-11 12:49:50.048379 (2061282) lic_core INFO    (3) checking out 'jasper_fpv' ...
2022-08-11 12:49:50.125366 (2061282) lic_core INFO    ... (3) checkout failed (error: -5) ("FLEXnet ERROR(-5, 0, 0): No such feature exists.")
2022-08-11 12:49:50.125427 (2061282) lic_core INFO    (4) checking out 'jasper_fao' ...
2022-08-11 12:49:50.294260 (2061282) lic_core INFO    ... (4) checkout succeeded
2022-08-11 12:49:50.294954 (2061282) main____ INFO    Tool inactivity delay is 480000 ms.
2022-08-11 12:49:50.754712 (2061282) lic__man INFO    Claim 'fpv' for <ui>.
2022-08-11 12:49:50.961158 (2061282) lic__man INFO    Unclaim 'fpv' for <ui>.
2022-08-11 12:49:50.961195 (2061282) lic__man INFO    Claim 'fpv' for <ui>.
2022-08-11 12:49:50.974669 (2061282) session_ INFO    Starting analysis session with session id 'session_0' (launcher: <local>) ...
2022-08-11 12:49:50.977851 (2061282) session_ INFO    Analysis session with session id 'session_0' started (pid: 2061298)
2022-08-11 12:49:51.881929 (2061282) session_ INFO    Analysis session 'session_0' connected to the console (host: 127.0.0.1:35524)
2022-08-11 12:51:18.457147 (2061282) main____ INFO    About to exit: requested from GUI
2022-08-11 12:51:18.520653 (2061282) session_ INFO    Analysis session 'session_0' disconnected.
2022-08-11 12:51:18.529208 (2061282) lic_core INFO    (2) checkin jasper_pint
2022-08-11 12:51:18.536223 (2061282) lic_core INFO    (4) checkin jasper_fao
2022-08-11 12:51:18.545293 (2061282) main____ INFO    Exiting with status 0.
