ncverilog(64): 15.20-s084: (c) Copyright 1995-2020 Cadence Design Systems, Inc.
TOOL:	ncverilog	15.20-s084: Started on Jul 21, 2022 at 15:02:58 CST
ncverilog
	/home/YuChengWang/Verilog_pratice/HW5/sim/testfixture.v
	/home/YuChengWang/Verilog_pratice/HW5/src/LBP.v
	+incdir+/home/YuChengWang/Verilog_pratice/HW5/src
	+nc64bit
	+access+r
	+define+FSDB_FILE="LBP.fsdb"
file: /home/YuChengWang/Verilog_pratice/HW5/sim/testfixture.v
	module worklib.testfixture:v
		errors: 0, warnings: 0
	module worklib.lbp_mem:v
		errors: 0, warnings: 0
file: /home/YuChengWang/Verilog_pratice/HW5/src/LBP.v
	module worklib.LBP:v
		errors: 0, warnings: 0
ncvlog: *W,SPDUSD: Include directory /home/YuChengWang/Verilog_pratice/HW5/src given but not used.
	Total errors/warnings found outside modules and primitives:
		errors: 0, warnings: 1
		Caching library 'worklib' ....... Done
	Elaborating the design hierarchy:
	Building instance overlay tables: .................... Done
	Generating native compiled code:
		worklib.LBP:v <0x06638dd3>
			streams:  20, words: 11608
		worklib.lbp_mem:v <0x692933af>
			streams:   3, words:  1491
		worklib.testfixture:v <0x0243317b>
			streams:  17, words: 20099
	Building instance specific data structures.
	Loading native compiled code:     .................... Done
	Design hierarchy summary:
		                  Instances  Unique
		Modules:                  3       3
		Registers:               33      33
		Scalar wires:             7       -
		Vectored wires:           4       -
		Always blocks:            3       3
		Initial blocks:          16      16
		Pseudo assignments:       1       1
		Simulation timescale:  10ps
	Writing initial simulation snapshot: worklib.testfixture:v
Loading snapshot worklib.testfixture:v .................... Done
*Verdi* Loading libsscore_ius152.so
ncsim> source /usr/cad/cadence/INCISIV/cur/tools/inca/files/ncsimrc
ncsim> run
FSDB Dumper for IUS, Release Verdi_O-2018.09, Linux x86_64/64bit, 08/30/2018
(C) 1996 - 2018 by Synopsys, Inc.
*Verdi* FSDB WARNING: The FSDB file already exists. Overwriting the FSDB file may crash the programs that are using this file.
*Verdi* : Create FSDB file 'LBP.fsdb'
*Verdi* : Begin traversing the scopes, layer (0).
*Verdi* : Enable +all dumping.
*Verdi* : End of traversing.
-----------------------------------------------------

START!!! Simulation Start .....

-----------------------------------------------------

Output pixel: 0 ~           0 are correct!

Output pixel: 0 ~        1000 are correct!

Output pixel: 0 ~        2000 are correct!

Output pixel: 0 ~        3000 are correct!

Output pixel: 0 ~        4000 are correct!

Output pixel: 0 ~        5000 are correct!

Output pixel: 0 ~        6000 are correct!

Output pixel: 0 ~        7000 are correct!

Output pixel: 0 ~        8000 are correct!

Output pixel: 0 ~        9000 are correct!

Output pixel: 0 ~       10000 are correct!

Output pixel: 0 ~       11000 are correct!

Output pixel: 0 ~       12000 are correct!

Output pixel: 0 ~       13000 are correct!

Output pixel: 0 ~       14000 are correct!

Output pixel: 0 ~       15000 are correct!

Output pixel: 0 ~       16000 are correct!

Output pixel: 0 ~       16383 are correct!

-----------------------------------------------------

Congratulations! All data have been generated successfully!

-------------------------PASS------------------------

Simulation complete via $finish(1) at time 3064010 NS + 0
../sim/testfixture.v:128       #(`CYCLE/2); $finish;
ncsim> exit
TOOL:	ncverilog	15.20-s084: Exiting on Jul 21, 2022 at 15:03:00 CST  (total: 00:00:02)
