 
****************************************
Report : area
Design : SME
Version: T-2022.03
Date   : Sat Feb  4 22:12:37 2023
****************************************

Library(s) Used:

    slow (File: /usr/cad/lib/CBDK_IC_Contest_v2.5/SynopsysDC/db/slow.db)

Number of ports:                           19
Number of nets:                          1616
Number of cells:                         1548
Number of combinational cells:           1174
Number of sequential cells:               374
Number of macros/black boxes:               0
Number of buf/inv:                        137
Number of references:                      65

Combinational area:              10561.222731
Buf/Inv area:                      891.134987
Noncombinational area:            9729.496910
Macro/Black Box area:                0.000000
Net Interconnect area:          221061.125122

Total cell area:                 20290.719641
Total area:                     241351.844764
1
