 
****************************************
Report : timing
        -path full
        -delay max
        -max_paths 1
Design : SME
Version: T-2022.03
Date   : Sat Feb  4 22:12:37 2023
****************************************

Operating Conditions: slow   Library: slow
Wire Load Model Mode: top

  Startpoint: reset (input port clocked by clk)
  Endpoint: pattern_reg[1][0]
            (rising edge-triggered flip-flop clocked by clk)
  Path Group: clk
  Path Type: max

  Des/Clust/Port     Wire Load Model       Library
  ------------------------------------------------
  SME                tsmc13_wl10           slow

  Point                                    Incr       Path
  -----------------------------------------------------------
  clock clk (fall edge)                   10.00      10.00
  clock network delay (ideal)              0.50      10.50
  input external delay                     0.00      10.50 f
  reset (in)                               0.01      10.51 f
  U882/Y (NOR3X1)                          0.26      10.77 r
  U881/Y (NOR3BXL)                         0.83      11.60 r
  U879/Y (NOR2BX1)                         0.79      12.39 r
  U963/Y (NAND3X1)                         0.25      12.64 f
  U622/Y (CLKBUFX3)                        0.71      13.34 f
  U955/Y (OAI2BB2XL)                       0.50      13.85 f
  pattern_reg[1][0]/D (DFFQX1)             0.00      13.85 f
  data arrival time                                  13.85

  clock clk (rise edge)                   20.00      20.00
  clock network delay (ideal)              0.50      20.50
  clock uncertainty                       -0.10      20.40
  pattern_reg[1][0]/CK (DFFQX1)            0.00      20.40 r
  library setup time                      -0.30      20.10
  data required time                                 20.10
  -----------------------------------------------------------
  data required time                                 20.10
  data arrival time                                 -13.85
  -----------------------------------------------------------
  slack (MET)                                         6.25


1
